<?xml version="1.0" encoding="UTF-8"?>
<!-- Generated by org.testng.reporters.JUnitXMLReporter -->
<testsuite ignored="0" hostname="DESKTOP-C8IENHF" failures="1" tests="1" name="Default test" time="62.076" errors="0" timestamp="2022-08-09T17:55:36 IST">
  <testcase classname="checkOutPageSectionTestCases.Checkout_page_Blank_fields" name="Test_And_Verify_All_Checkout_Page_Blank_field_pass_value_and_clear_Test" time="27.771">
    <failure type="org.openqa.selenium.ElementClickInterceptedException" message="element click intercepted: Element &amp;lt;button type=&amp;quot;submit&amp;quot; onclick=&amp;quot;newAddressButton()&amp;quot; class=&amp;quot;button btn-continue&amp;quot; data-toggle=&amp;quot;modal&amp;quot; data-target=&amp;quot;#shippingModal&amp;quot;&amp;gt;...&amp;lt;/button&amp;gt; is not clickable at point (146, 753). Other element would receive the click: &amp;lt;iframe src=&amp;quot;about:blank&amp;quot; frameborder=&amp;quot;0&amp;quot; scrolling=&amp;quot;no&amp;quot; width=&amp;quot;280px&amp;quot; height=&amp;quot;330px&amp;quot; style=&amp;quot;outline:none !important; visibility:visible !important; resize:none !important; box-shadow:none !important; overflow:visible !important; background:none !important; opacity:1 !important; filter:alpha(opacity=100) !important; -ms-filter:progid:DXImageTransform.Microsoft.Alpha(Opacity 1}) !important; -mz-opacity:1 !important; -khtml-opacity:1 !important; top:auto !important; right:auto !important; bottom:90px !important; left:10px !important; position:fixed !important; border:0 !important; min-height:330px !important; min-width:280px !important; max-height:330px !important; max-width:280px !important; padding:0 !important; margin:0 !important; -moz-transition-property:none !important; -webkit-transition-property:none !important; -o-transition-property:none !important; transition-property:none !important; transform:none !important; -webkit-transform:none !important; -ms-transform:none !important; width:280px !important; height:330px !important; display:block !important; z-index:auto !important; background-color:transparent !important; cursor:none !important; float:none !important; border-radius:5px !important; pointer-events:auto !important; clip:auto !important; color-scheme:light !important;&amp;quot; id=&amp;quot;zuaoofet6c2g1660047932858&amp;quot; class=&amp;quot;&amp;quot; title=&amp;quot;chat widget&amp;quot;&amp;gt;&amp;lt;/iframe&amp;gt;
  (Session info: chrome=99.0.4844.51)
Build info: version: &amp;apos;4.2.2&amp;apos;, revision: &amp;apos;683ccb65d6&amp;apos;
System info: host: &amp;apos;DESKTOP-C8IENHF&amp;apos;, ip: &amp;apos;10.60.18.4&amp;apos;, os.name: &amp;apos;Windows 10&amp;apos;, os.arch: &amp;apos;amd64&amp;apos;, os.version: &amp;apos;10.0&amp;apos;, java.version: &amp;apos;11.0.14&amp;apos;
Driver info: org.openqa.selenium.remote.RemoteWebDriver
Command: [fc5cf9a36ea4f48bc4e256b26d007838758219d9, clickElement {id=3762d0ac-9f5c-418f-a2b2-28e38fd00e55}]
Capabilities {acceptInsecureCerts: false, browserName: chrome, browserVersion: 99.0.4844.51, chrome: {chromedriverVersion: 99.0.4844.35 (f60a827ddb87f..., userDataDir: /var/folders/3y/zz_w6_s56sl...}, goog:chromeOptions: {debuggerAddress: localhost:51752}, networkConnectionEnabled: false, pageLoadStrategy: normal, platformName: MAC, proxy: Proxy(), setWindowRect: true, strictFileInteractability: false, timeouts: {implicit: 0, pageLoad: 300000, script: 30000}, unhandledPromptBehavior: dismiss and notify, webauthn:extension:credBlob: true, webauthn:extension:largeBlob: true, webauthn:virtualAuthenticators: true, webdriver.remote.sessionid: fc5cf9a36ea4f48bc4e256b26d0...}
Element: [[RemoteWebDriver: chrome on MAC (fc5cf9a36ea4f48bc4e256b26d007838758219d9)] -&amp;gt; xpath: //button[normalize-space()=&amp;apos;+ New Address&amp;apos;]]
Session ID: fc5cf9a36ea4f48bc4e256b26d007838758219d9">
      <![CDATA[org.openqa.selenium.ElementClickInterceptedException: element click intercepted: Element <button type="submit" onclick="newAddressButton()" class="button btn-continue" data-toggle="modal" data-target="#shippingModal">...</button> is not clickable at point (146, 753). Other element would receive the click: <iframe src="about:blank" frameborder="0" scrolling="no" width="280px" height="330px" style="outline:none !important; visibility:visible !important; resize:none !important; box-shadow:none !important; overflow:visible !important; background:none !important; opacity:1 !important; filter:alpha(opacity=100) !important; -ms-filter:progid:DXImageTransform.Microsoft.Alpha(Opacity 1}) !important; -mz-opacity:1 !important; -khtml-opacity:1 !important; top:auto !important; right:auto !important; bottom:90px !important; left:10px !important; position:fixed !important; border:0 !important; min-height:330px !important; min-width:280px !important; max-height:330px !important; max-width:280px !important; padding:0 !important; margin:0 !important; -moz-transition-property:none !important; -webkit-transition-property:none !important; -o-transition-property:none !important; transition-property:none !important; transform:none !important; -webkit-transform:none !important; -ms-transform:none !important; width:280px !important; height:330px !important; display:block !important; z-index:auto !important; background-color:transparent !important; cursor:none !important; float:none !important; border-radius:5px !important; pointer-events:auto !important; clip:auto !important; color-scheme:light !important;" id="zuaoofet6c2g1660047932858" class="" title="chat widget"></iframe>
  (Session info: chrome=99.0.4844.51)
Build info: version: '4.2.2', revision: '683ccb65d6'
System info: host: 'DESKTOP-C8IENHF', ip: '10.60.18.4', os.name: 'Windows 10', os.arch: 'amd64', os.version: '10.0', java.version: '11.0.14'
Driver info: org.openqa.selenium.remote.RemoteWebDriver
Command: [fc5cf9a36ea4f48bc4e256b26d007838758219d9, clickElement {id=3762d0ac-9f5c-418f-a2b2-28e38fd00e55}]
Capabilities {acceptInsecureCerts: false, browserName: chrome, browserVersion: 99.0.4844.51, chrome: {chromedriverVersion: 99.0.4844.35 (f60a827ddb87f..., userDataDir: /var/folders/3y/zz_w6_s56sl...}, goog:chromeOptions: {debuggerAddress: localhost:51752}, networkConnectionEnabled: false, pageLoadStrategy: normal, platformName: MAC, proxy: Proxy(), setWindowRect: true, strictFileInteractability: false, timeouts: {implicit: 0, pageLoad: 300000, script: 30000}, unhandledPromptBehavior: dismiss and notify, webauthn:extension:credBlob: true, webauthn:extension:largeBlob: true, webauthn:virtualAuthenticators: true, webdriver.remote.sessionid: fc5cf9a36ea4f48bc4e256b26d0...}
Element: [[RemoteWebDriver: chrome on MAC (fc5cf9a36ea4f48bc4e256b26d007838758219d9)] -> xpath: //button[normalize-space()='+ New Address']]
Session ID: fc5cf9a36ea4f48bc4e256b26d007838758219d9
at java.base/jdk.internal.reflect.NativeConstructorAccessorImpl.newInstance0(Native Method)
at java.base/jdk.internal.reflect.NativeConstructorAccessorImpl.newInstance(NativeConstructorAccessorImpl.java:62)
at java.base/jdk.internal.reflect.DelegatingConstructorAccessorImpl.newInstance(DelegatingConstructorAccessorImpl.java:45)
at java.base/java.lang.reflect.Constructor.newInstance(Constructor.java:490)
at org.openqa.selenium.remote.codec.w3c.W3CHttpResponseCodec.createException(W3CHttpResponseCodec.java:200)
at org.openqa.selenium.remote.codec.w3c.W3CHttpResponseCodec.decode(W3CHttpResponseCodec.java:133)
at org.openqa.selenium.remote.codec.w3c.W3CHttpResponseCodec.decode(W3CHttpResponseCodec.java:53)
at org.openqa.selenium.remote.HttpCommandExecutor.execute(HttpCommandExecutor.java:184)
at org.openqa.selenium.remote.TracedCommandExecutor.execute(TracedCommandExecutor.java:51)
at org.openqa.selenium.remote.RemoteWebDriver.execute(RemoteWebDriver.java:588)
at org.openqa.selenium.remote.RemoteWebElement.execute(RemoteWebElement.java:257)
at org.openqa.selenium.remote.RemoteWebElement.click(RemoteWebElement.java:78)
at checkOutPageSectionTestCases.Checkout_page_Blank_fields.Test_And_Verify_All_Checkout_Page_Blank_field_pass_value_and_clear_Test(Checkout_page_Blank_fields.java:34)
at java.base/jdk.internal.reflect.NativeMethodAccessorImpl.invoke0(Native Method)
at java.base/jdk.internal.reflect.NativeMethodAccessorImpl.invoke(NativeMethodAccessorImpl.java:62)
at java.base/jdk.internal.reflect.DelegatingMethodAccessorImpl.invoke(DelegatingMethodAccessorImpl.java:43)
at java.base/java.lang.reflect.Method.invoke(Method.java:566)
at org.testng.internal.MethodInvocationHelper.invokeMethod(MethodInvocationHelper.java:133)
at org.testng.internal.TestInvoker.invokeMethod(TestInvoker.java:598)
at org.testng.internal.TestInvoker.invokeTestMethod(TestInvoker.java:173)
at org.testng.internal.MethodRunner.runInSequence(MethodRunner.java:46)
at org.testng.internal.TestInvoker$MethodInvocationAgent.invoke(TestInvoker.java:824)
at org.testng.internal.TestInvoker.invokeTestMethods(TestInvoker.java:146)
at org.testng.internal.TestMethodWorker.invokeTestMethods(TestMethodWorker.java:146)
at org.testng.internal.TestMethodWorker.run(TestMethodWorker.java:128)
at java.base/java.util.ArrayList.forEach(ArrayList.java:1541)
at org.testng.TestRunner.privateRun(TestRunner.java:794)
at org.testng.TestRunner.run(TestRunner.java:596)
at org.testng.SuiteRunner.runTest(SuiteRunner.java:377)
at org.testng.SuiteRunner.runSequentially(SuiteRunner.java:371)
at org.testng.SuiteRunner.privateRun(SuiteRunner.java:332)
at org.testng.SuiteRunner.run(SuiteRunner.java:276)
at org.testng.SuiteRunnerWorker.runSuite(SuiteRunnerWorker.java:53)
at org.testng.SuiteRunnerWorker.run(SuiteRunnerWorker.java:96)
at org.testng.TestNG.runSuitesSequentially(TestNG.java:1212)
at org.testng.TestNG.runSuitesLocally(TestNG.java:1134)
at org.testng.TestNG.runSuites(TestNG.java:1063)
at org.testng.TestNG.run(TestNG.java:1031)
at org.testng.remote.AbstractRemoteTestNG.run(AbstractRemoteTestNG.java:115)
at org.testng.remote.RemoteTestNG.initAndRun(RemoteTestNG.java:251)
at org.testng.remote.RemoteTestNG.main(RemoteTestNG.java:77)
]]>
    </failure>
  </testcase> <!-- Test_And_Verify_All_Checkout_Page_Blank_field_pass_value_and_clear_Test -->
</testsuite> <!-- Default test -->
