<?xml version="1.0" encoding="UTF-8"?>
<!-- Generated by org.testng.reporters.JUnitXMLReporter -->
<testsuite ignored="0" hostname="DESKTOP-C8IENHF" failures="3" tests="23" name="Test" time="854.875" errors="0" timestamp="2022-08-09T07:51:12 IST">
  <testcase classname="collectionSectionTestCases.Click_on_Gradation_collection_and_check_of_all_shapes_of_Gradation_collection" name="Click_on_Gradation_link_and_check_of_all_shapes_of_Gradation_collection" time="6.344"/>
  <testcase classname="collectionSectionTestCases.Click_on_Vintage_collection_and_check_of_all_shapes_of_Vintage_collection" name="Click_on_Vintage_link_and_check_of_all_shapes_of_Vintage_collection" time="1.574"/>
  <testcase classname="collectionSectionTestCases.Click_on_Kids_collection_and_check_of_all_shapes_of_Kids_collection" name="Click_on_Kids_link_and_check_of_all_shapes_of_Kids_collection" time="6.32"/>
  <testcase classname="collectionSectionTestCases.Click_on_Batik_play_collection_and_check_of_all_shapes_of_Batik_collection" name="Click_on_Batik_play_link_and_check_of_all_shapes_of_Batik_collection" time="1.093"/>
  <testcase classname="collectionSectionTestCases.Click_on_SurfaceArt_play_collection_and_check_of_all_shapes_of_SurfaceArt_collection" name="Click_on_SurfaceArt_play_link_and_check_of_all_shapes_of_SurfaceArt_collection" time="6.179"/>
  <testcase classname="collectionSectionTestCases.Click_on_Solids_Color_collection_and_check_of_all_shapes_of_Solids_Color_collection" name="Click_on_Solids_Color_link_and_check_of_all_shapes_of_Solids_Color_collection" time="6.169"/>
  <testcase classname="collectionSectionTestCases.Click_on_Cerulean_collection_and_check_of_all_shapes_of_Cerulean_collection" name="Click_on_Cerulean_link_and_check_of_all_shapes_of_Cerulean_collection" time="0.97"/>
  <testcase classname="collectionSectionTestCases.Click_on_Flatweaves_collection_and_check_of_all_shapes_of_Flatweaves_collection" name="Click_on_Flatweaves_link_and_check_of_all_shapes_of_Flatweaves_collection" time="6.274"/>
  <testcase classname="collectionSectionTestCases.Click_on_Geometric_collection_and_check_of_all_shapes_of_Geometric_collection" name="Click_on_Geometric_link_and_check_of_all_shapes_of_Geometric_collection" time="6.028"/>
  <testcase classname="collectionSectionTestCases.Click_on_Terrazo_play_collection_and_check_of_all_shapes_of_Terrazo_collection" name="Click_on_Terrazo_play_link_and_check_of_all_shapes_of_Terrazo_collection" time="142.252">
    <failure type="org.openqa.selenium.ElementNotInteractableException" message="element not interactable
  (Session info: chrome=99.0.4844.51)
Build info: version: &amp;apos;4.2.2&amp;apos;, revision: &amp;apos;683ccb65d6&amp;apos;
System info: host: &amp;apos;DESKTOP-C8IENHF&amp;apos;, ip: &amp;apos;10.60.18.2&amp;apos;, os.name: &amp;apos;Windows 10&amp;apos;, os.arch: &amp;apos;amd64&amp;apos;, os.version: &amp;apos;10.0&amp;apos;, java.version: &amp;apos;11.0.14&amp;apos;
Driver info: org.openqa.selenium.remote.RemoteWebDriver
Command: [3abc3b2acab56fe75abf870b59aed99e2dcbb822, clickElement {id=d515a662-0f9e-4942-8cc4-6a40c8648985}]
Capabilities {acceptInsecureCerts: false, browserName: chrome, browserVersion: 99.0.4844.51, chrome: {chromedriverVersion: 99.0.4844.35 (f60a827ddb87f..., userDataDir: C:\Windows\proxy\scoped_dir...}, goog:chromeOptions: {debuggerAddress: localhost:1582}, networkConnectionEnabled: false, pageLoadStrategy: normal, platformName: WINDOWS, proxy: Proxy(), setWindowRect: true, strictFileInteractability: false, timeouts: {implicit: 0, pageLoad: 300000, script: 30000}, unhandledPromptBehavior: dismiss and notify, webauthn:extension:credBlob: true, webauthn:extension:largeBlob: true, webauthn:virtualAuthenticators: true, webdriver.remote.sessionid: 3abc3b2acab56fe75abf870b59a...}
Element: [[RemoteWebDriver: chrome on WINDOWS (3abc3b2acab56fe75abf870b59aed99e2dcbb822)] -&amp;gt; xpath: //div[@id=&amp;apos;container&amp;apos;]//div[@class=&amp;apos;owl-nav&amp;apos;]//button[2]]
Session ID: 3abc3b2acab56fe75abf870b59aed99e2dcbb822">
      <![CDATA[org.openqa.selenium.ElementNotInteractableException: element not interactable
  (Session info: chrome=99.0.4844.51)
Build info: version: '4.2.2', revision: '683ccb65d6'
System info: host: 'DESKTOP-C8IENHF', ip: '10.60.18.2', os.name: 'Windows 10', os.arch: 'amd64', os.version: '10.0', java.version: '11.0.14'
Driver info: org.openqa.selenium.remote.RemoteWebDriver
Command: [3abc3b2acab56fe75abf870b59aed99e2dcbb822, clickElement {id=d515a662-0f9e-4942-8cc4-6a40c8648985}]
Capabilities {acceptInsecureCerts: false, browserName: chrome, browserVersion: 99.0.4844.51, chrome: {chromedriverVersion: 99.0.4844.35 (f60a827ddb87f..., userDataDir: C:\Windows\proxy\scoped_dir...}, goog:chromeOptions: {debuggerAddress: localhost:1582}, networkConnectionEnabled: false, pageLoadStrategy: normal, platformName: WINDOWS, proxy: Proxy(), setWindowRect: true, strictFileInteractability: false, timeouts: {implicit: 0, pageLoad: 300000, script: 30000}, unhandledPromptBehavior: dismiss and notify, webauthn:extension:credBlob: true, webauthn:extension:largeBlob: true, webauthn:virtualAuthenticators: true, webdriver.remote.sessionid: 3abc3b2acab56fe75abf870b59a...}
Element: [[RemoteWebDriver: chrome on WINDOWS (3abc3b2acab56fe75abf870b59aed99e2dcbb822)] -> xpath: //div[@id='container']//div[@class='owl-nav']//button[2]]
Session ID: 3abc3b2acab56fe75abf870b59aed99e2dcbb822
at org.openqa.selenium.remote.codec.w3c.W3CHttpResponseCodec.createException(W3CHttpResponseCodec.java:200)
at org.openqa.selenium.remote.codec.w3c.W3CHttpResponseCodec.decode(W3CHttpResponseCodec.java:133)
at org.openqa.selenium.remote.codec.w3c.W3CHttpResponseCodec.decode(W3CHttpResponseCodec.java:53)
at org.openqa.selenium.remote.HttpCommandExecutor.execute(HttpCommandExecutor.java:184)
at org.openqa.selenium.remote.TracedCommandExecutor.execute(TracedCommandExecutor.java:51)
at org.openqa.selenium.remote.RemoteWebDriver.execute(RemoteWebDriver.java:588)
at org.openqa.selenium.remote.RemoteWebElement.execute(RemoteWebElement.java:257)
at org.openqa.selenium.remote.RemoteWebElement.click(RemoteWebElement.java:78)
at collectionSectionTestCases.Click_on_Terrazo_play_collection_and_check_of_all_shapes_of_Terrazo_collection.Click_on_Terrazo_play_link_and_check_of_all_shapes_of_Terrazo_collection(Click_on_Terrazo_play_collection_and_check_of_all_shapes_of_Terrazo_collection.java:327)
at java.base/java.util.ArrayList.forEach(ArrayList.java:1541)
... Removed 35 stack frames]]>
    </failure>
  </testcase> <!-- Click_on_Terrazo_play_link_and_check_of_all_shapes_of_Terrazo_collection -->
  <testcase classname="collectionSectionTestCases.Click_on_Outdoor_collection_and_check_of_all_shapes_of_Outdoor_collection" name="Click_on_Outdoor_link_and_check_of_all_shapes_of_Outdoor_collection" time="5.924"/>
  <testcase classname="collectionSectionTestCases.Click_on_Minimalist_collection_and_check_of_all_shapes_of_Minimalist_collection" name="Click_on_Minimalist_link_and_check_of_all_shapes_of_Minimalist_collection" time="1.241"/>
  <testcase classname="collectionSectionTestCases.Click_on_Modern_Art_collection_and_check_of_all_shapes_of_Modern_Art_collection" name="Click_on_Modern_Art_link_and_check_of_all_shapes_of_Modern_Art_collection" time="5.953"/>
  <testcase classname="collectionSectionTestCases.Click_on_Modern_Geometric_collection_and_check_of_all_shapes_of_Modern_Geometric_collection" name="Click_on_Modern_Geometric_link_and_check_of_all_shapes_of_Modern_Geometric_collection" time="5.951"/>
  <testcase classname="collectionSectionTestCases.Click_on_Origami_collection_and_check_of_all_shapes_of_Origami_collection" name="Click_on_Origami_link_and_check_of_all_shapes_of_Origami_collection" time="6.142"/>
  <testcase classname="collectionSectionTestCases.Click_on_Monochrome_collection_and_check_of_all_shapes_of_Monochrome_collection" name="Click_on_Monochrome_link_and_check_of_all_shapes_of_Monochrome_collection" time="1.017"/>
  <testcase classname="collectionSectionTestCases.Click_on_Brush_Stroke_collection_and_check_of_all_shapes_of_Brush_Stroke_collection" name="Click_on_Brush_Stroke_link_and_check_of_all_shapes_of_Brush_Stroke_collection" time="5.964"/>
  <testcase classname="collectionSectionTestCases.Click_on_Animal_Prints_collection_and_check_of_all_shapes_of_Animal_Prints_collection" name="Click_on_Animal_Prints_link_and_check_of_all_shapes_of_Animal_Prints_collection" time="0.988"/>
  <testcase classname="collectionSectionTestCases.Mouse_over_on_collection_link" name="Test_mouse_over_on_collection_link_and_check_all_collection_is_showing_or_not" time="5.98"/>
  <testcase classname="collectionSectionTestCases.Click_on_Floral_collection_and_check_of_all_shapes_of_Floral_collection" name="Click_on_Floral_link_and_check_of_all_shapes_of_Floral_collection" time="0.869"/>
  <testcase classname="collectionSectionTestCases.Click_on_Absract_collection_and_check_of_all_shapes_of_Abstract_collection" name="Click_on_Absract_link_and_check_of_all_shapes_of_Abstract_collection" time="1.174"/>
  <testcase classname="collectionSectionTestCases.Click_Collection_Link" name="click_on_collection_link" time="6.935">
    <failure type="org.openqa.selenium.NoSuchElementException" message="no such element: Unable to locate element: {&amp;quot;method&amp;quot;:&amp;quot;xpath&amp;quot;,&amp;quot;selector&amp;quot;:&amp;quot;//a[normalize-space()=&amp;apos;SHOP THE COLLECTION&amp;apos;]&amp;quot;}
  (Session info: chrome=99.0.4844.51)
For documentation on this error, please visit: https://selenium.dev/exceptions/#no_such_element
Build info: version: &amp;apos;4.2.2&amp;apos;, revision: &amp;apos;683ccb65d6&amp;apos;
System info: host: &amp;apos;DESKTOP-C8IENHF&amp;apos;, ip: &amp;apos;10.60.18.2&amp;apos;, os.name: &amp;apos;Windows 10&amp;apos;, os.arch: &amp;apos;amd64&amp;apos;, os.version: &amp;apos;10.0&amp;apos;, java.version: &amp;apos;11.0.14&amp;apos;
Driver info: org.openqa.selenium.remote.RemoteWebDriver
Command: [ec78cd8f9a8fbb88f1d7121266cb1037dba81fef, findElement {using=xpath, value=//a[normalize-space()=&amp;apos;SHOP THE COLLECTION&amp;apos;]}]
Capabilities {acceptInsecureCerts: false, browserName: chrome, browserVersion: 99.0.4844.51, chrome: {chromedriverVersion: 99.0.4844.35 (f60a827ddb87f..., userDataDir: C:\Windows\proxy\scoped_dir...}, goog:chromeOptions: {debuggerAddress: localhost:1612}, networkConnectionEnabled: false, pageLoadStrategy: normal, platformName: WINDOWS, proxy: Proxy(), setWindowRect: true, strictFileInteractability: false, timeouts: {implicit: 0, pageLoad: 300000, script: 30000}, unhandledPromptBehavior: dismiss and notify, webauthn:extension:credBlob: true, webauthn:extension:largeBlob: true, webauthn:virtualAuthenticators: true, webdriver.remote.sessionid: ec78cd8f9a8fbb88f1d7121266c...}
Session ID: ec78cd8f9a8fbb88f1d7121266cb1037dba81fef">
      <![CDATA[org.openqa.selenium.NoSuchElementException: no such element: Unable to locate element: {"method":"xpath","selector":"//a[normalize-space()='SHOP THE COLLECTION']"}
  (Session info: chrome=99.0.4844.51)
For documentation on this error, please visit: https://selenium.dev/exceptions/#no_such_element
Build info: version: '4.2.2', revision: '683ccb65d6'
System info: host: 'DESKTOP-C8IENHF', ip: '10.60.18.2', os.name: 'Windows 10', os.arch: 'amd64', os.version: '10.0', java.version: '11.0.14'
Driver info: org.openqa.selenium.remote.RemoteWebDriver
Command: [ec78cd8f9a8fbb88f1d7121266cb1037dba81fef, findElement {using=xpath, value=//a[normalize-space()='SHOP THE COLLECTION']}]
Capabilities {acceptInsecureCerts: false, browserName: chrome, browserVersion: 99.0.4844.51, chrome: {chromedriverVersion: 99.0.4844.35 (f60a827ddb87f..., userDataDir: C:\Windows\proxy\scoped_dir...}, goog:chromeOptions: {debuggerAddress: localhost:1612}, networkConnectionEnabled: false, pageLoadStrategy: normal, platformName: WINDOWS, proxy: Proxy(), setWindowRect: true, strictFileInteractability: false, timeouts: {implicit: 0, pageLoad: 300000, script: 30000}, unhandledPromptBehavior: dismiss and notify, webauthn:extension:credBlob: true, webauthn:extension:largeBlob: true, webauthn:virtualAuthenticators: true, webdriver.remote.sessionid: ec78cd8f9a8fbb88f1d7121266c...}
Session ID: ec78cd8f9a8fbb88f1d7121266cb1037dba81fef
at org.openqa.selenium.remote.codec.w3c.W3CHttpResponseCodec.createException(W3CHttpResponseCodec.java:200)
at org.openqa.selenium.remote.codec.w3c.W3CHttpResponseCodec.decode(W3CHttpResponseCodec.java:133)
at org.openqa.selenium.remote.codec.w3c.W3CHttpResponseCodec.decode(W3CHttpResponseCodec.java:53)
at org.openqa.selenium.remote.HttpCommandExecutor.execute(HttpCommandExecutor.java:184)
at org.openqa.selenium.remote.TracedCommandExecutor.execute(TracedCommandExecutor.java:51)
at org.openqa.selenium.remote.RemoteWebDriver.execute(RemoteWebDriver.java:588)
at org.openqa.selenium.remote.ElementLocation$ElementFinder$2.findElement(ElementLocation.java:162)
at org.openqa.selenium.remote.ElementLocation.findElement(ElementLocation.java:60)
at org.openqa.selenium.remote.RemoteWebDriver.findElement(RemoteWebDriver.java:406)
at org.openqa.selenium.remote.RemoteWebDriver.findElement(RemoteWebDriver.java:398)
at collectionSectionTestCases.Click_Collection_Link.click_on_collection_link(Click_Collection_Link.java:15)
at java.base/java.util.ArrayList.forEach(ArrayList.java:1541)
... Removed 35 stack frames]]>
    </failure>
  </testcase> <!-- click_on_collection_link -->
  <testcase classname="collectionSectionTestCases.Click_on_View_All_collection_and_check_of_all_shapes_of_View_All_Collection_collection" name="Click_on_View_All_collection_link_and_check_of_all_shapes_of_View_All_Collection_collection" time="132.058">
    <failure type="org.openqa.selenium.ElementNotInteractableException" message="element not interactable
  (Session info: chrome=99.0.4844.51)
Build info: version: &amp;apos;4.2.2&amp;apos;, revision: &amp;apos;683ccb65d6&amp;apos;
System info: host: &amp;apos;DESKTOP-C8IENHF&amp;apos;, ip: &amp;apos;10.60.18.2&amp;apos;, os.name: &amp;apos;Windows 10&amp;apos;, os.arch: &amp;apos;amd64&amp;apos;, os.version: &amp;apos;10.0&amp;apos;, java.version: &amp;apos;11.0.14&amp;apos;
Driver info: org.openqa.selenium.remote.RemoteWebDriver
Command: [8c2e294f760773fefc94a6465095a251539a214b, clickElement {id=074b2a48-9258-4f11-829e-c5395aae5d6e}]
Capabilities {acceptInsecureCerts: false, browserName: chrome, browserVersion: 99.0.4844.51, chrome: {chromedriverVersion: 99.0.4844.35 (f60a827ddb87f..., userDataDir: /var/folders/3y/zz_w6_s56sl...}, goog:chromeOptions: {debuggerAddress: localhost:56632}, networkConnectionEnabled: false, pageLoadStrategy: normal, platformName: MAC, proxy: Proxy(), setWindowRect: true, strictFileInteractability: false, timeouts: {implicit: 0, pageLoad: 300000, script: 30000}, unhandledPromptBehavior: dismiss and notify, webauthn:extension:credBlob: true, webauthn:extension:largeBlob: true, webauthn:virtualAuthenticators: true, webdriver.remote.sessionid: 8c2e294f760773fefc94a646509...}
Element: [[RemoteWebDriver: chrome on MAC (8c2e294f760773fefc94a6465095a251539a214b)] -&amp;gt; xpath: //div[@id=&amp;apos;container&amp;apos;]//div[@class=&amp;apos;owl-nav&amp;apos;]//button[2]]
Session ID: 8c2e294f760773fefc94a6465095a251539a214b">
      <![CDATA[org.openqa.selenium.ElementNotInteractableException: element not interactable
  (Session info: chrome=99.0.4844.51)
Build info: version: '4.2.2', revision: '683ccb65d6'
System info: host: 'DESKTOP-C8IENHF', ip: '10.60.18.2', os.name: 'Windows 10', os.arch: 'amd64', os.version: '10.0', java.version: '11.0.14'
Driver info: org.openqa.selenium.remote.RemoteWebDriver
Command: [8c2e294f760773fefc94a6465095a251539a214b, clickElement {id=074b2a48-9258-4f11-829e-c5395aae5d6e}]
Capabilities {acceptInsecureCerts: false, browserName: chrome, browserVersion: 99.0.4844.51, chrome: {chromedriverVersion: 99.0.4844.35 (f60a827ddb87f..., userDataDir: /var/folders/3y/zz_w6_s56sl...}, goog:chromeOptions: {debuggerAddress: localhost:56632}, networkConnectionEnabled: false, pageLoadStrategy: normal, platformName: MAC, proxy: Proxy(), setWindowRect: true, strictFileInteractability: false, timeouts: {implicit: 0, pageLoad: 300000, script: 30000}, unhandledPromptBehavior: dismiss and notify, webauthn:extension:credBlob: true, webauthn:extension:largeBlob: true, webauthn:virtualAuthenticators: true, webdriver.remote.sessionid: 8c2e294f760773fefc94a646509...}
Element: [[RemoteWebDriver: chrome on MAC (8c2e294f760773fefc94a6465095a251539a214b)] -> xpath: //div[@id='container']//div[@class='owl-nav']//button[2]]
Session ID: 8c2e294f760773fefc94a6465095a251539a214b
at org.openqa.selenium.remote.codec.w3c.W3CHttpResponseCodec.createException(W3CHttpResponseCodec.java:200)
at org.openqa.selenium.remote.codec.w3c.W3CHttpResponseCodec.decode(W3CHttpResponseCodec.java:133)
at org.openqa.selenium.remote.codec.w3c.W3CHttpResponseCodec.decode(W3CHttpResponseCodec.java:53)
at org.openqa.selenium.remote.HttpCommandExecutor.execute(HttpCommandExecutor.java:184)
at org.openqa.selenium.remote.TracedCommandExecutor.execute(TracedCommandExecutor.java:51)
at org.openqa.selenium.remote.RemoteWebDriver.execute(RemoteWebDriver.java:588)
at org.openqa.selenium.remote.RemoteWebElement.execute(RemoteWebElement.java:257)
at org.openqa.selenium.remote.RemoteWebElement.click(RemoteWebElement.java:78)
at collectionSectionTestCases.Click_on_View_All_collection_and_check_of_all_shapes_of_View_All_Collection_collection.Click_on_View_All_collection_link_and_check_of_all_shapes_of_View_All_Collection_collection(Click_on_View_All_collection_and_check_of_all_shapes_of_View_All_Collection_collection.java:327)
at java.base/java.util.ArrayList.forEach(ArrayList.java:1541)
... Removed 35 stack frames]]>
    </failure>
  </testcase> <!-- Click_on_View_All_collection_link_and_check_of_all_shapes_of_View_All_Collection_collection -->
</testsuite> <!-- Test -->
