<html>
<head>
<title>TestNG:  Test</title>
<link href="../testng.css" rel="stylesheet" type="text/css" />
<link href="../my-testng.css" rel="stylesheet" type="text/css" />

<style type="text/css">
.log { display: none;} 
.stack-trace { display: none;} 
</style>
<script type="text/javascript">
<!--
function flip(e) {
  current = e.style.display;
  if (current == 'block') {
    e.style.display = 'none';
    return 0;
  }
  else {
    e.style.display = 'block';
    return 1;
  }
}

function toggleBox(szDivId, elem, msg1, msg2)
{
  var res = -1;  if (document.getElementById) {
    res = flip(document.getElementById(szDivId));
  }
  else if (document.all) {
    // this is the way old msie versions work
    res = flip(document.all[szDivId]);
  }
  if(elem) {
    if(res == 0) elem.innerHTML = msg1; else elem.innerHTML = msg2;
  }

}

function toggleAllBoxes() {
  if (document.getElementsByTagName) {
    d = document.getElementsByTagName('div');
    for (i = 0; i < d.length; i++) {
      if (d[i].className == 'log') {
        flip(d[i]);
      }
    }
  }
}

// -->
</script>

</head>
<body>
<h2 align='center'>Test</h2><table border='1' align="center">
<tr>
<td>Tests passed/Failed/Skipped:</td><td>20/3/0</td>
</tr><tr>
<td>Started on:</td><td>Tue Aug 09 07:36:57 IST 2022</td>
</tr>
<tr><td>Total time:</td><td>854 seconds (854875 ms)</td>
</tr><tr>
<td>Included groups:</td><td></td>
</tr><tr>
<td>Excluded groups:</td><td></td>
</tr>
</table><p/>
<small><i>(Hover the method name to see the test class name)</i></small><p/>
<table width='100%' border='1' class='invocation-failed'>
<tr><td colspan='4' align='center'><b>FAILED TESTS</b></td></tr>
<tr><td><b>Test method</b></td>
<td width="30%"><b>Exception</b></td>
<td width="10%"><b>Time (seconds)</b></td>
<td><b>Instance</b></td>
</tr>
<tr>
<td title='collectionSectionTestCases.Click_on_Terrazo_play_collection_and_check_of_all_shapes_of_Terrazo_collection.Click_on_Terrazo_play_link_and_check_of_all_shapes_of_Terrazo_collection()'><b>Click_on_Terrazo_play_link_and_check_of_all_shapes_of_Terrazo_collection</b><br>Test class: collectionSectionTestCases.Click_on_Terrazo_play_collection_and_check_of_all_shapes_of_Terrazo_collection</td>
<td><div><pre>org.openqa.selenium.ElementNotInteractableException: element not interactable
  (Session info: chrome=99.0.4844.51)
Build info: version: &apos;4.2.2&apos;, revision: &apos;683ccb65d6&apos;
System info: host: &apos;DESKTOP-C8IENHF&apos;, ip: &apos;10.60.18.2&apos;, os.name: &apos;Windows 10&apos;, os.arch: &apos;amd64&apos;, os.version: &apos;10.0&apos;, java.version: &apos;11.0.14&apos;
Driver info: org.openqa.selenium.remote.RemoteWebDriver
Command: [3abc3b2acab56fe75abf870b59aed99e2dcbb822, clickElement {id=d515a662-0f9e-4942-8cc4-6a40c8648985}]
Capabilities {acceptInsecureCerts: false, browserName: chrome, browserVersion: 99.0.4844.51, chrome: {chromedriverVersion: 99.0.4844.35 (f60a827ddb87f..., userDataDir: C:\Windows\proxy\scoped_dir...}, goog:chromeOptions: {debuggerAddress: localhost:1582}, networkConnectionEnabled: false, pageLoadStrategy: normal, platformName: WINDOWS, proxy: Proxy(), setWindowRect: true, strictFileInteractability: false, timeouts: {implicit: 0, pageLoad: 300000, script: 30000}, unhandledPromptBehavior: dismiss and notify, webauthn:extension:credBlob: true, webauthn:extension:largeBlob: true, webauthn:virtualAuthenticators: true, webdriver.remote.sessionid: 3abc3b2acab56fe75abf870b59a...}
Element: [[RemoteWebDriver: chrome on WINDOWS (3abc3b2acab56fe75abf870b59aed99e2dcbb822)] -&gt; xpath: //div[@id=&apos;container&apos;]//div[@class=&apos;owl-nav&apos;]//button[2]]
Session ID: 3abc3b2acab56fe75abf870b59aed99e2dcbb822
	at org.openqa.selenium.remote.codec.w3c.W3CHttpResponseCodec.createException(W3CHttpResponseCodec.java:200)
	at org.openqa.selenium.remote.codec.w3c.W3CHttpResponseCodec.decode(W3CHttpResponseCodec.java:133)
	at org.openqa.selenium.remote.codec.w3c.W3CHttpResponseCodec.decode(W3CHttpResponseCodec.java:53)
	at org.openqa.selenium.remote.HttpCommandExecutor.execute(HttpCommandExecutor.java:184)
	at org.openqa.selenium.remote.TracedCommandExecutor.execute(TracedCommandExecutor.java:51)
	at org.openqa.selenium.remote.RemoteWebDriver.execute(RemoteWebDriver.java:588)
	at org.openqa.selenium.remote.RemoteWebElement.execute(RemoteWebElement.java:257)
	at org.openqa.selenium.remote.RemoteWebElement.click(RemoteWebElement.java:78)
	at collectionSectionTestCases.Click_on_Terrazo_play_collection_and_check_of_all_shapes_of_Terrazo_collection.Click_on_Terrazo_play_link_and_check_of_all_shapes_of_Terrazo_collection(Click_on_Terrazo_play_collection_and_check_of_all_shapes_of_Terrazo_collection.java:327)
	at java.base/java.util.ArrayList.forEach(ArrayList.java:1541)
... Removed 35 stack frames</pre></div><a href='#' onClick='toggleBox("stack-trace1384626783", this, "Click to show all stack frames", "Click to hide stack frames")'>Click to show all stack frames</a>
<div class='stack-trace' id='stack-trace1384626783'><pre>org.openqa.selenium.ElementNotInteractableException: element not interactable
  (Session info: chrome=99.0.4844.51)
Build info: version: &apos;4.2.2&apos;, revision: &apos;683ccb65d6&apos;
System info: host: &apos;DESKTOP-C8IENHF&apos;, ip: &apos;10.60.18.2&apos;, os.name: &apos;Windows 10&apos;, os.arch: &apos;amd64&apos;, os.version: &apos;10.0&apos;, java.version: &apos;11.0.14&apos;
Driver info: org.openqa.selenium.remote.RemoteWebDriver
Command: [3abc3b2acab56fe75abf870b59aed99e2dcbb822, clickElement {id=d515a662-0f9e-4942-8cc4-6a40c8648985}]
Capabilities {acceptInsecureCerts: false, browserName: chrome, browserVersion: 99.0.4844.51, chrome: {chromedriverVersion: 99.0.4844.35 (f60a827ddb87f..., userDataDir: C:\Windows\proxy\scoped_dir...}, goog:chromeOptions: {debuggerAddress: localhost:1582}, networkConnectionEnabled: false, pageLoadStrategy: normal, platformName: WINDOWS, proxy: Proxy(), setWindowRect: true, strictFileInteractability: false, timeouts: {implicit: 0, pageLoad: 300000, script: 30000}, unhandledPromptBehavior: dismiss and notify, webauthn:extension:credBlob: true, webauthn:extension:largeBlob: true, webauthn:virtualAuthenticators: true, webdriver.remote.sessionid: 3abc3b2acab56fe75abf870b59a...}
Element: [[RemoteWebDriver: chrome on WINDOWS (3abc3b2acab56fe75abf870b59aed99e2dcbb822)] -&gt; xpath: //div[@id=&apos;container&apos;]//div[@class=&apos;owl-nav&apos;]//button[2]]
Session ID: 3abc3b2acab56fe75abf870b59aed99e2dcbb822
	at java.base/jdk.internal.reflect.NativeConstructorAccessorImpl.newInstance0(Native Method)
	at java.base/jdk.internal.reflect.NativeConstructorAccessorImpl.newInstance(NativeConstructorAccessorImpl.java:62)
	at java.base/jdk.internal.reflect.DelegatingConstructorAccessorImpl.newInstance(DelegatingConstructorAccessorImpl.java:45)
	at java.base/java.lang.reflect.Constructor.newInstance(Constructor.java:490)
	at org.openqa.selenium.remote.codec.w3c.W3CHttpResponseCodec.createException(W3CHttpResponseCodec.java:200)
	at org.openqa.selenium.remote.codec.w3c.W3CHttpResponseCodec.decode(W3CHttpResponseCodec.java:133)
	at org.openqa.selenium.remote.codec.w3c.W3CHttpResponseCodec.decode(W3CHttpResponseCodec.java:53)
	at org.openqa.selenium.remote.HttpCommandExecutor.execute(HttpCommandExecutor.java:184)
	at org.openqa.selenium.remote.TracedCommandExecutor.execute(TracedCommandExecutor.java:51)
	at org.openqa.selenium.remote.RemoteWebDriver.execute(RemoteWebDriver.java:588)
	at org.openqa.selenium.remote.RemoteWebElement.execute(RemoteWebElement.java:257)
	at org.openqa.selenium.remote.RemoteWebElement.click(RemoteWebElement.java:78)
	at collectionSectionTestCases.Click_on_Terrazo_play_collection_and_check_of_all_shapes_of_Terrazo_collection.Click_on_Terrazo_play_link_and_check_of_all_shapes_of_Terrazo_collection(Click_on_Terrazo_play_collection_and_check_of_all_shapes_of_Terrazo_collection.java:327)
	at java.base/jdk.internal.reflect.NativeMethodAccessorImpl.invoke0(Native Method)
	at java.base/jdk.internal.reflect.NativeMethodAccessorImpl.invoke(NativeMethodAccessorImpl.java:62)
	at java.base/jdk.internal.reflect.DelegatingMethodAccessorImpl.invoke(DelegatingMethodAccessorImpl.java:43)
	at java.base/java.lang.reflect.Method.invoke(Method.java:566)
	at org.testng.internal.MethodInvocationHelper.invokeMethod(MethodInvocationHelper.java:134)
	at org.testng.internal.TestInvoker.invokeMethod(TestInvoker.java:597)
	at org.testng.internal.TestInvoker.invokeTestMethod(TestInvoker.java:173)
	at org.testng.internal.MethodRunner.runInSequence(MethodRunner.java:46)
	at org.testng.internal.TestInvoker$MethodInvocationAgent.invoke(TestInvoker.java:816)
	at org.testng.internal.TestInvoker.invokeTestMethods(TestInvoker.java:146)
	at org.testng.internal.TestMethodWorker.invokeTestMethods(TestMethodWorker.java:146)
	at org.testng.internal.TestMethodWorker.run(TestMethodWorker.java:128)
	at java.base/java.util.ArrayList.forEach(ArrayList.java:1541)
	at org.testng.TestRunner.privateRun(TestRunner.java:766)
	at org.testng.TestRunner.run(TestRunner.java:587)
	at org.testng.SuiteRunner.runTest(SuiteRunner.java:384)
	at org.testng.SuiteRunner.runSequentially(SuiteRunner.java:378)
	at org.testng.SuiteRunner.privateRun(SuiteRunner.java:337)
	at org.testng.SuiteRunner.run(SuiteRunner.java:286)
	at org.testng.SuiteRunnerWorker.runSuite(SuiteRunnerWorker.java:53)
	at org.testng.SuiteRunnerWorker.run(SuiteRunnerWorker.java:96)
	at org.testng.TestNG.runSuitesSequentially(TestNG.java:1187)
	at org.testng.TestNG.runSuitesLocally(TestNG.java:1109)
	at org.testng.TestNG.runSuites(TestNG.java:1039)
	at org.testng.TestNG.run(TestNG.java:1007)
	at org.apache.maven.surefire.testng.TestNGExecutor.run(TestNGExecutor.java:284)
	at org.apache.maven.surefire.testng.TestNGXmlTestSuite.execute(TestNGXmlTestSuite.java:75)
	at org.apache.maven.surefire.testng.TestNGProvider.invoke(TestNGProvider.java:119)
	at org.apache.maven.surefire.booter.ForkedBooter.runSuitesInProcess(ForkedBooter.java:428)
	at org.apache.maven.surefire.booter.ForkedBooter.execute(ForkedBooter.java:162)
	at org.apache.maven.surefire.booter.ForkedBooter.run(ForkedBooter.java:562)
	at org.apache.maven.surefire.booter.ForkedBooter.main(ForkedBooter.java:548)
</pre></div></td>
<td>142</td>
<td>collectionSectionTestCases.Click_on_Terrazo_play_collection_and_check_of_all_shapes_of_Terrazo_collection@cad498c</td></tr>
<tr>
<td title='collectionSectionTestCases.Click_on_View_All_collection_and_check_of_all_shapes_of_View_All_Collection_collection.Click_on_View_All_collection_link_and_check_of_all_shapes_of_View_All_Collection_collection()'><b>Click_on_View_All_collection_link_and_check_of_all_shapes_of_View_All_Collection_collection</b><br>Test class: collectionSectionTestCases.Click_on_View_All_collection_and_check_of_all_shapes_of_View_All_Collection_collection</td>
<td><div><pre>org.openqa.selenium.ElementNotInteractableException: element not interactable
  (Session info: chrome=99.0.4844.51)
Build info: version: &apos;4.2.2&apos;, revision: &apos;683ccb65d6&apos;
System info: host: &apos;DESKTOP-C8IENHF&apos;, ip: &apos;10.60.18.2&apos;, os.name: &apos;Windows 10&apos;, os.arch: &apos;amd64&apos;, os.version: &apos;10.0&apos;, java.version: &apos;11.0.14&apos;
Driver info: org.openqa.selenium.remote.RemoteWebDriver
Command: [8c2e294f760773fefc94a6465095a251539a214b, clickElement {id=074b2a48-9258-4f11-829e-c5395aae5d6e}]
Capabilities {acceptInsecureCerts: false, browserName: chrome, browserVersion: 99.0.4844.51, chrome: {chromedriverVersion: 99.0.4844.35 (f60a827ddb87f..., userDataDir: /var/folders/3y/zz_w6_s56sl...}, goog:chromeOptions: {debuggerAddress: localhost:56632}, networkConnectionEnabled: false, pageLoadStrategy: normal, platformName: MAC, proxy: Proxy(), setWindowRect: true, strictFileInteractability: false, timeouts: {implicit: 0, pageLoad: 300000, script: 30000}, unhandledPromptBehavior: dismiss and notify, webauthn:extension:credBlob: true, webauthn:extension:largeBlob: true, webauthn:virtualAuthenticators: true, webdriver.remote.sessionid: 8c2e294f760773fefc94a646509...}
Element: [[RemoteWebDriver: chrome on MAC (8c2e294f760773fefc94a6465095a251539a214b)] -&gt; xpath: //div[@id=&apos;container&apos;]//div[@class=&apos;owl-nav&apos;]//button[2]]
Session ID: 8c2e294f760773fefc94a6465095a251539a214b
	at org.openqa.selenium.remote.codec.w3c.W3CHttpResponseCodec.createException(W3CHttpResponseCodec.java:200)
	at org.openqa.selenium.remote.codec.w3c.W3CHttpResponseCodec.decode(W3CHttpResponseCodec.java:133)
	at org.openqa.selenium.remote.codec.w3c.W3CHttpResponseCodec.decode(W3CHttpResponseCodec.java:53)
	at org.openqa.selenium.remote.HttpCommandExecutor.execute(HttpCommandExecutor.java:184)
	at org.openqa.selenium.remote.TracedCommandExecutor.execute(TracedCommandExecutor.java:51)
	at org.openqa.selenium.remote.RemoteWebDriver.execute(RemoteWebDriver.java:588)
	at org.openqa.selenium.remote.RemoteWebElement.execute(RemoteWebElement.java:257)
	at org.openqa.selenium.remote.RemoteWebElement.click(RemoteWebElement.java:78)
	at collectionSectionTestCases.Click_on_View_All_collection_and_check_of_all_shapes_of_View_All_Collection_collection.Click_on_View_All_collection_link_and_check_of_all_shapes_of_View_All_Collection_collection(Click_on_View_All_collection_and_check_of_all_shapes_of_View_All_Collection_collection.java:327)
	at java.base/java.util.ArrayList.forEach(ArrayList.java:1541)
... Removed 35 stack frames</pre></div><a href='#' onClick='toggleBox("stack-trace1835622084", this, "Click to show all stack frames", "Click to hide stack frames")'>Click to show all stack frames</a>
<div class='stack-trace' id='stack-trace1835622084'><pre>org.openqa.selenium.ElementNotInteractableException: element not interactable
  (Session info: chrome=99.0.4844.51)
Build info: version: &apos;4.2.2&apos;, revision: &apos;683ccb65d6&apos;
System info: host: &apos;DESKTOP-C8IENHF&apos;, ip: &apos;10.60.18.2&apos;, os.name: &apos;Windows 10&apos;, os.arch: &apos;amd64&apos;, os.version: &apos;10.0&apos;, java.version: &apos;11.0.14&apos;
Driver info: org.openqa.selenium.remote.RemoteWebDriver
Command: [8c2e294f760773fefc94a6465095a251539a214b, clickElement {id=074b2a48-9258-4f11-829e-c5395aae5d6e}]
Capabilities {acceptInsecureCerts: false, browserName: chrome, browserVersion: 99.0.4844.51, chrome: {chromedriverVersion: 99.0.4844.35 (f60a827ddb87f..., userDataDir: /var/folders/3y/zz_w6_s56sl...}, goog:chromeOptions: {debuggerAddress: localhost:56632}, networkConnectionEnabled: false, pageLoadStrategy: normal, platformName: MAC, proxy: Proxy(), setWindowRect: true, strictFileInteractability: false, timeouts: {implicit: 0, pageLoad: 300000, script: 30000}, unhandledPromptBehavior: dismiss and notify, webauthn:extension:credBlob: true, webauthn:extension:largeBlob: true, webauthn:virtualAuthenticators: true, webdriver.remote.sessionid: 8c2e294f760773fefc94a646509...}
Element: [[RemoteWebDriver: chrome on MAC (8c2e294f760773fefc94a6465095a251539a214b)] -&gt; xpath: //div[@id=&apos;container&apos;]//div[@class=&apos;owl-nav&apos;]//button[2]]
Session ID: 8c2e294f760773fefc94a6465095a251539a214b
	at java.base/jdk.internal.reflect.NativeConstructorAccessorImpl.newInstance0(Native Method)
	at java.base/jdk.internal.reflect.NativeConstructorAccessorImpl.newInstance(NativeConstructorAccessorImpl.java:62)
	at java.base/jdk.internal.reflect.DelegatingConstructorAccessorImpl.newInstance(DelegatingConstructorAccessorImpl.java:45)
	at java.base/java.lang.reflect.Constructor.newInstance(Constructor.java:490)
	at org.openqa.selenium.remote.codec.w3c.W3CHttpResponseCodec.createException(W3CHttpResponseCodec.java:200)
	at org.openqa.selenium.remote.codec.w3c.W3CHttpResponseCodec.decode(W3CHttpResponseCodec.java:133)
	at org.openqa.selenium.remote.codec.w3c.W3CHttpResponseCodec.decode(W3CHttpResponseCodec.java:53)
	at org.openqa.selenium.remote.HttpCommandExecutor.execute(HttpCommandExecutor.java:184)
	at org.openqa.selenium.remote.TracedCommandExecutor.execute(TracedCommandExecutor.java:51)
	at org.openqa.selenium.remote.RemoteWebDriver.execute(RemoteWebDriver.java:588)
	at org.openqa.selenium.remote.RemoteWebElement.execute(RemoteWebElement.java:257)
	at org.openqa.selenium.remote.RemoteWebElement.click(RemoteWebElement.java:78)
	at collectionSectionTestCases.Click_on_View_All_collection_and_check_of_all_shapes_of_View_All_Collection_collection.Click_on_View_All_collection_link_and_check_of_all_shapes_of_View_All_Collection_collection(Click_on_View_All_collection_and_check_of_all_shapes_of_View_All_Collection_collection.java:327)
	at java.base/jdk.internal.reflect.NativeMethodAccessorImpl.invoke0(Native Method)
	at java.base/jdk.internal.reflect.NativeMethodAccessorImpl.invoke(NativeMethodAccessorImpl.java:62)
	at java.base/jdk.internal.reflect.DelegatingMethodAccessorImpl.invoke(DelegatingMethodAccessorImpl.java:43)
	at java.base/java.lang.reflect.Method.invoke(Method.java:566)
	at org.testng.internal.MethodInvocationHelper.invokeMethod(MethodInvocationHelper.java:134)
	at org.testng.internal.TestInvoker.invokeMethod(TestInvoker.java:597)
	at org.testng.internal.TestInvoker.invokeTestMethod(TestInvoker.java:173)
	at org.testng.internal.MethodRunner.runInSequence(MethodRunner.java:46)
	at org.testng.internal.TestInvoker$MethodInvocationAgent.invoke(TestInvoker.java:816)
	at org.testng.internal.TestInvoker.invokeTestMethods(TestInvoker.java:146)
	at org.testng.internal.TestMethodWorker.invokeTestMethods(TestMethodWorker.java:146)
	at org.testng.internal.TestMethodWorker.run(TestMethodWorker.java:128)
	at java.base/java.util.ArrayList.forEach(ArrayList.java:1541)
	at org.testng.TestRunner.privateRun(TestRunner.java:766)
	at org.testng.TestRunner.run(TestRunner.java:587)
	at org.testng.SuiteRunner.runTest(SuiteRunner.java:384)
	at org.testng.SuiteRunner.runSequentially(SuiteRunner.java:378)
	at org.testng.SuiteRunner.privateRun(SuiteRunner.java:337)
	at org.testng.SuiteRunner.run(SuiteRunner.java:286)
	at org.testng.SuiteRunnerWorker.runSuite(SuiteRunnerWorker.java:53)
	at org.testng.SuiteRunnerWorker.run(SuiteRunnerWorker.java:96)
	at org.testng.TestNG.runSuitesSequentially(TestNG.java:1187)
	at org.testng.TestNG.runSuitesLocally(TestNG.java:1109)
	at org.testng.TestNG.runSuites(TestNG.java:1039)
	at org.testng.TestNG.run(TestNG.java:1007)
	at org.apache.maven.surefire.testng.TestNGExecutor.run(TestNGExecutor.java:284)
	at org.apache.maven.surefire.testng.TestNGXmlTestSuite.execute(TestNGXmlTestSuite.java:75)
	at org.apache.maven.surefire.testng.TestNGProvider.invoke(TestNGProvider.java:119)
	at org.apache.maven.surefire.booter.ForkedBooter.runSuitesInProcess(ForkedBooter.java:428)
	at org.apache.maven.surefire.booter.ForkedBooter.execute(ForkedBooter.java:162)
	at org.apache.maven.surefire.booter.ForkedBooter.run(ForkedBooter.java:562)
	at org.apache.maven.surefire.booter.ForkedBooter.main(ForkedBooter.java:548)
</pre></div></td>
<td>132</td>
<td>collectionSectionTestCases.Click_on_View_All_collection_and_check_of_all_shapes_of_View_All_Collection_collection@a2431d0</td></tr>
<tr>
<td title='collectionSectionTestCases.Click_Collection_Link.click_on_collection_link()'><b>click_on_collection_link</b><br>Test class: collectionSectionTestCases.Click_Collection_Link</td>
<td><div><pre>org.openqa.selenium.NoSuchElementException: no such element: Unable to locate element: {&quot;method&quot;:&quot;xpath&quot;,&quot;selector&quot;:&quot;//a[normalize-space()=&apos;SHOP THE COLLECTION&apos;]&quot;}
  (Session info: chrome=99.0.4844.51)
For documentation on this error, please visit: https://selenium.dev/exceptions/#no_such_element
Build info: version: &apos;4.2.2&apos;, revision: &apos;683ccb65d6&apos;
System info: host: &apos;DESKTOP-C8IENHF&apos;, ip: &apos;10.60.18.2&apos;, os.name: &apos;Windows 10&apos;, os.arch: &apos;amd64&apos;, os.version: &apos;10.0&apos;, java.version: &apos;11.0.14&apos;
Driver info: org.openqa.selenium.remote.RemoteWebDriver
Command: [ec78cd8f9a8fbb88f1d7121266cb1037dba81fef, findElement {using=xpath, value=//a[normalize-space()=&apos;SHOP THE COLLECTION&apos;]}]
Capabilities {acceptInsecureCerts: false, browserName: chrome, browserVersion: 99.0.4844.51, chrome: {chromedriverVersion: 99.0.4844.35 (f60a827ddb87f..., userDataDir: C:\Windows\proxy\scoped_dir...}, goog:chromeOptions: {debuggerAddress: localhost:1612}, networkConnectionEnabled: false, pageLoadStrategy: normal, platformName: WINDOWS, proxy: Proxy(), setWindowRect: true, strictFileInteractability: false, timeouts: {implicit: 0, pageLoad: 300000, script: 30000}, unhandledPromptBehavior: dismiss and notify, webauthn:extension:credBlob: true, webauthn:extension:largeBlob: true, webauthn:virtualAuthenticators: true, webdriver.remote.sessionid: ec78cd8f9a8fbb88f1d7121266c...}
Session ID: ec78cd8f9a8fbb88f1d7121266cb1037dba81fef
	at org.openqa.selenium.remote.codec.w3c.W3CHttpResponseCodec.createException(W3CHttpResponseCodec.java:200)
	at org.openqa.selenium.remote.codec.w3c.W3CHttpResponseCodec.decode(W3CHttpResponseCodec.java:133)
	at org.openqa.selenium.remote.codec.w3c.W3CHttpResponseCodec.decode(W3CHttpResponseCodec.java:53)
	at org.openqa.selenium.remote.HttpCommandExecutor.execute(HttpCommandExecutor.java:184)
	at org.openqa.selenium.remote.TracedCommandExecutor.execute(TracedCommandExecutor.java:51)
	at org.openqa.selenium.remote.RemoteWebDriver.execute(RemoteWebDriver.java:588)
	at org.openqa.selenium.remote.ElementLocation$ElementFinder$2.findElement(ElementLocation.java:162)
	at org.openqa.selenium.remote.ElementLocation.findElement(ElementLocation.java:60)
	at org.openqa.selenium.remote.RemoteWebDriver.findElement(RemoteWebDriver.java:406)
	at org.openqa.selenium.remote.RemoteWebDriver.findElement(RemoteWebDriver.java:398)
	at collectionSectionTestCases.Click_Collection_Link.click_on_collection_link(Click_Collection_Link.java:15)
	at java.base/java.util.ArrayList.forEach(ArrayList.java:1541)
... Removed 35 stack frames</pre></div><a href='#' onClick='toggleBox("stack-trace1078328607", this, "Click to show all stack frames", "Click to hide stack frames")'>Click to show all stack frames</a>
<div class='stack-trace' id='stack-trace1078328607'><pre>org.openqa.selenium.NoSuchElementException: no such element: Unable to locate element: {&quot;method&quot;:&quot;xpath&quot;,&quot;selector&quot;:&quot;//a[normalize-space()=&apos;SHOP THE COLLECTION&apos;]&quot;}
  (Session info: chrome=99.0.4844.51)
For documentation on this error, please visit: https://selenium.dev/exceptions/#no_such_element
Build info: version: &apos;4.2.2&apos;, revision: &apos;683ccb65d6&apos;
System info: host: &apos;DESKTOP-C8IENHF&apos;, ip: &apos;10.60.18.2&apos;, os.name: &apos;Windows 10&apos;, os.arch: &apos;amd64&apos;, os.version: &apos;10.0&apos;, java.version: &apos;11.0.14&apos;
Driver info: org.openqa.selenium.remote.RemoteWebDriver
Command: [ec78cd8f9a8fbb88f1d7121266cb1037dba81fef, findElement {using=xpath, value=//a[normalize-space()=&apos;SHOP THE COLLECTION&apos;]}]
Capabilities {acceptInsecureCerts: false, browserName: chrome, browserVersion: 99.0.4844.51, chrome: {chromedriverVersion: 99.0.4844.35 (f60a827ddb87f..., userDataDir: C:\Windows\proxy\scoped_dir...}, goog:chromeOptions: {debuggerAddress: localhost:1612}, networkConnectionEnabled: false, pageLoadStrategy: normal, platformName: WINDOWS, proxy: Proxy(), setWindowRect: true, strictFileInteractability: false, timeouts: {implicit: 0, pageLoad: 300000, script: 30000}, unhandledPromptBehavior: dismiss and notify, webauthn:extension:credBlob: true, webauthn:extension:largeBlob: true, webauthn:virtualAuthenticators: true, webdriver.remote.sessionid: ec78cd8f9a8fbb88f1d7121266c...}
Session ID: ec78cd8f9a8fbb88f1d7121266cb1037dba81fef
	at java.base/jdk.internal.reflect.NativeConstructorAccessorImpl.newInstance0(Native Method)
	at java.base/jdk.internal.reflect.NativeConstructorAccessorImpl.newInstance(NativeConstructorAccessorImpl.java:62)
	at java.base/jdk.internal.reflect.DelegatingConstructorAccessorImpl.newInstance(DelegatingConstructorAccessorImpl.java:45)
	at java.base/java.lang.reflect.Constructor.newInstance(Constructor.java:490)
	at org.openqa.selenium.remote.codec.w3c.W3CHttpResponseCodec.createException(W3CHttpResponseCodec.java:200)
	at org.openqa.selenium.remote.codec.w3c.W3CHttpResponseCodec.decode(W3CHttpResponseCodec.java:133)
	at org.openqa.selenium.remote.codec.w3c.W3CHttpResponseCodec.decode(W3CHttpResponseCodec.java:53)
	at org.openqa.selenium.remote.HttpCommandExecutor.execute(HttpCommandExecutor.java:184)
	at org.openqa.selenium.remote.TracedCommandExecutor.execute(TracedCommandExecutor.java:51)
	at org.openqa.selenium.remote.RemoteWebDriver.execute(RemoteWebDriver.java:588)
	at org.openqa.selenium.remote.ElementLocation$ElementFinder$2.findElement(ElementLocation.java:162)
	at org.openqa.selenium.remote.ElementLocation.findElement(ElementLocation.java:60)
	at org.openqa.selenium.remote.RemoteWebDriver.findElement(RemoteWebDriver.java:406)
	at org.openqa.selenium.remote.RemoteWebDriver.findElement(RemoteWebDriver.java:398)
	at collectionSectionTestCases.Click_Collection_Link.click_on_collection_link(Click_Collection_Link.java:15)
	at java.base/jdk.internal.reflect.NativeMethodAccessorImpl.invoke0(Native Method)
	at java.base/jdk.internal.reflect.NativeMethodAccessorImpl.invoke(NativeMethodAccessorImpl.java:62)
	at java.base/jdk.internal.reflect.DelegatingMethodAccessorImpl.invoke(DelegatingMethodAccessorImpl.java:43)
	at java.base/java.lang.reflect.Method.invoke(Method.java:566)
	at org.testng.internal.MethodInvocationHelper.invokeMethod(MethodInvocationHelper.java:134)
	at org.testng.internal.TestInvoker.invokeMethod(TestInvoker.java:597)
	at org.testng.internal.TestInvoker.invokeTestMethod(TestInvoker.java:173)
	at org.testng.internal.MethodRunner.runInSequence(MethodRunner.java:46)
	at org.testng.internal.TestInvoker$MethodInvocationAgent.invoke(TestInvoker.java:816)
	at org.testng.internal.TestInvoker.invokeTestMethods(TestInvoker.java:146)
	at org.testng.internal.TestMethodWorker.invokeTestMethods(TestMethodWorker.java:146)
	at org.testng.internal.TestMethodWorker.run(TestMethodWorker.java:128)
	at java.base/java.util.ArrayList.forEach(ArrayList.java:1541)
	at org.testng.TestRunner.privateRun(TestRunner.java:766)
	at org.testng.TestRunner.run(TestRunner.java:587)
	at org.testng.SuiteRunner.runTest(SuiteRunner.java:384)
	at org.testng.SuiteRunner.runSequentially(SuiteRunner.java:378)
	at org.testng.SuiteRunner.privateRun(SuiteRunner.java:337)
	at org.testng.SuiteRunner.run(SuiteRunner.java:286)
	at org.testng.SuiteRunnerWorker.runSuite(SuiteRunnerWorker.java:53)
	at org.testng.SuiteRunnerWorker.run(SuiteRunnerWorker.java:96)
	at org.testng.TestNG.runSuitesSequentially(TestNG.java:1187)
	at org.testng.TestNG.runSuitesLocally(TestNG.java:1109)
	at org.testng.TestNG.runSuites(TestNG.java:1039)
	at org.testng.TestNG.run(TestNG.java:1007)
	at org.apache.maven.surefire.testng.TestNGExecutor.run(TestNGExecutor.java:284)
	at org.apache.maven.surefire.testng.TestNGXmlTestSuite.execute(TestNGXmlTestSuite.java:75)
	at org.apache.maven.surefire.testng.TestNGProvider.invoke(TestNGProvider.java:119)
	at org.apache.maven.surefire.booter.ForkedBooter.runSuitesInProcess(ForkedBooter.java:428)
	at org.apache.maven.surefire.booter.ForkedBooter.execute(ForkedBooter.java:162)
	at org.apache.maven.surefire.booter.ForkedBooter.run(ForkedBooter.java:562)
	at org.apache.maven.surefire.booter.ForkedBooter.main(ForkedBooter.java:548)
</pre></div></td>
<td>6</td>
<td>collectionSectionTestCases.Click_Collection_Link@31e5415e</td></tr>
</table><p>
<table width='100%' border='1' class='invocation-passed'>
<tr><td colspan='4' align='center'><b>PASSED TESTS</b></td></tr>
<tr><td><b>Test method</b></td>
<td width="30%"><b>Exception</b></td>
<td width="10%"><b>Time (seconds)</b></td>
<td><b>Instance</b></td>
</tr>
<tr>
<td title='collectionSectionTestCases.Click_on_Absract_collection_and_check_of_all_shapes_of_Abstract_collection.Click_on_Absract_link_and_check_of_all_shapes_of_Abstract_collection()'><b>Click_on_Absract_link_and_check_of_all_shapes_of_Abstract_collection</b><br>Test class: collectionSectionTestCases.Click_on_Absract_collection_and_check_of_all_shapes_of_Abstract_collection</td>
<td></td>
<td>1</td>
<td>collectionSectionTestCases.Click_on_Absract_collection_and_check_of_all_shapes_of_Abstract_collection@34f5090e</td></tr>
<tr>
<td title='collectionSectionTestCases.Click_on_Animal_Prints_collection_and_check_of_all_shapes_of_Animal_Prints_collection.Click_on_Animal_Prints_link_and_check_of_all_shapes_of_Animal_Prints_collection()'><b>Click_on_Animal_Prints_link_and_check_of_all_shapes_of_Animal_Prints_collection</b><br>Test class: collectionSectionTestCases.Click_on_Animal_Prints_collection_and_check_of_all_shapes_of_Animal_Prints_collection</td>
<td></td>
<td>0</td>
<td>collectionSectionTestCases.Click_on_Animal_Prints_collection_and_check_of_all_shapes_of_Animal_Prints_collection@4e096385</td></tr>
<tr>
<td title='collectionSectionTestCases.Click_on_Batik_play_collection_and_check_of_all_shapes_of_Batik_collection.Click_on_Batik_play_link_and_check_of_all_shapes_of_Batik_collection()'><b>Click_on_Batik_play_link_and_check_of_all_shapes_of_Batik_collection</b><br>Test class: collectionSectionTestCases.Click_on_Batik_play_collection_and_check_of_all_shapes_of_Batik_collection</td>
<td></td>
<td>1</td>
<td>collectionSectionTestCases.Click_on_Batik_play_collection_and_check_of_all_shapes_of_Batik_collection@272ed83b</td></tr>
<tr>
<td title='collectionSectionTestCases.Click_on_Brush_Stroke_collection_and_check_of_all_shapes_of_Brush_Stroke_collection.Click_on_Brush_Stroke_link_and_check_of_all_shapes_of_Brush_Stroke_collection()'><b>Click_on_Brush_Stroke_link_and_check_of_all_shapes_of_Brush_Stroke_collection</b><br>Test class: collectionSectionTestCases.Click_on_Brush_Stroke_collection_and_check_of_all_shapes_of_Brush_Stroke_collection</td>
<td></td>
<td>5</td>
<td>collectionSectionTestCases.Click_on_Brush_Stroke_collection_and_check_of_all_shapes_of_Brush_Stroke_collection@27ff5d15</td></tr>
<tr>
<td title='collectionSectionTestCases.Click_on_Cerulean_collection_and_check_of_all_shapes_of_Cerulean_collection.Click_on_Cerulean_link_and_check_of_all_shapes_of_Cerulean_collection()'><b>Click_on_Cerulean_link_and_check_of_all_shapes_of_Cerulean_collection</b><br>Test class: collectionSectionTestCases.Click_on_Cerulean_collection_and_check_of_all_shapes_of_Cerulean_collection</td>
<td></td>
<td>0</td>
<td>collectionSectionTestCases.Click_on_Cerulean_collection_and_check_of_all_shapes_of_Cerulean_collection@625732</td></tr>
<tr>
<td title='collectionSectionTestCases.Click_on_Flatweaves_collection_and_check_of_all_shapes_of_Flatweaves_collection.Click_on_Flatweaves_link_and_check_of_all_shapes_of_Flatweaves_collection()'><b>Click_on_Flatweaves_link_and_check_of_all_shapes_of_Flatweaves_collection</b><br>Test class: collectionSectionTestCases.Click_on_Flatweaves_collection_and_check_of_all_shapes_of_Flatweaves_collection</td>
<td></td>
<td>6</td>
<td>collectionSectionTestCases.Click_on_Flatweaves_collection_and_check_of_all_shapes_of_Flatweaves_collection@51dcb805</td></tr>
<tr>
<td title='collectionSectionTestCases.Click_on_Floral_collection_and_check_of_all_shapes_of_Floral_collection.Click_on_Floral_link_and_check_of_all_shapes_of_Floral_collection()'><b>Click_on_Floral_link_and_check_of_all_shapes_of_Floral_collection</b><br>Test class: collectionSectionTestCases.Click_on_Floral_collection_and_check_of_all_shapes_of_Floral_collection</td>
<td></td>
<td>0</td>
<td>collectionSectionTestCases.Click_on_Floral_collection_and_check_of_all_shapes_of_Floral_collection@693fe6c9</td></tr>
<tr>
<td title='collectionSectionTestCases.Click_on_Geometric_collection_and_check_of_all_shapes_of_Geometric_collection.Click_on_Geometric_link_and_check_of_all_shapes_of_Geometric_collection()'><b>Click_on_Geometric_link_and_check_of_all_shapes_of_Geometric_collection</b><br>Test class: collectionSectionTestCases.Click_on_Geometric_collection_and_check_of_all_shapes_of_Geometric_collection</td>
<td></td>
<td>6</td>
<td>collectionSectionTestCases.Click_on_Geometric_collection_and_check_of_all_shapes_of_Geometric_collection@66498326</td></tr>
<tr>
<td title='collectionSectionTestCases.Click_on_Gradation_collection_and_check_of_all_shapes_of_Gradation_collection.Click_on_Gradation_link_and_check_of_all_shapes_of_Gradation_collection()'><b>Click_on_Gradation_link_and_check_of_all_shapes_of_Gradation_collection</b><br>Test class: collectionSectionTestCases.Click_on_Gradation_collection_and_check_of_all_shapes_of_Gradation_collection</td>
<td></td>
<td>6</td>
<td>collectionSectionTestCases.Click_on_Gradation_collection_and_check_of_all_shapes_of_Gradation_collection@a3d8174</td></tr>
<tr>
<td title='collectionSectionTestCases.Click_on_Kids_collection_and_check_of_all_shapes_of_Kids_collection.Click_on_Kids_link_and_check_of_all_shapes_of_Kids_collection()'><b>Click_on_Kids_link_and_check_of_all_shapes_of_Kids_collection</b><br>Test class: collectionSectionTestCases.Click_on_Kids_collection_and_check_of_all_shapes_of_Kids_collection</td>
<td></td>
<td>6</td>
<td>collectionSectionTestCases.Click_on_Kids_collection_and_check_of_all_shapes_of_Kids_collection@732c2a62</td></tr>
<tr>
<td title='collectionSectionTestCases.Click_on_Minimalist_collection_and_check_of_all_shapes_of_Minimalist_collection.Click_on_Minimalist_link_and_check_of_all_shapes_of_Minimalist_collection()'><b>Click_on_Minimalist_link_and_check_of_all_shapes_of_Minimalist_collection</b><br>Test class: collectionSectionTestCases.Click_on_Minimalist_collection_and_check_of_all_shapes_of_Minimalist_collection</td>
<td></td>
<td>1</td>
<td>collectionSectionTestCases.Click_on_Minimalist_collection_and_check_of_all_shapes_of_Minimalist_collection@2accdbb5</td></tr>
<tr>
<td title='collectionSectionTestCases.Click_on_Modern_Art_collection_and_check_of_all_shapes_of_Modern_Art_collection.Click_on_Modern_Art_link_and_check_of_all_shapes_of_Modern_Art_collection()'><b>Click_on_Modern_Art_link_and_check_of_all_shapes_of_Modern_Art_collection</b><br>Test class: collectionSectionTestCases.Click_on_Modern_Art_collection_and_check_of_all_shapes_of_Modern_Art_collection</td>
<td></td>
<td>5</td>
<td>collectionSectionTestCases.Click_on_Modern_Art_collection_and_check_of_all_shapes_of_Modern_Art_collection@b62d79</td></tr>
<tr>
<td title='collectionSectionTestCases.Click_on_Modern_Geometric_collection_and_check_of_all_shapes_of_Modern_Geometric_collection.Click_on_Modern_Geometric_link_and_check_of_all_shapes_of_Modern_Geometric_collection()'><b>Click_on_Modern_Geometric_link_and_check_of_all_shapes_of_Modern_Geometric_collection</b><br>Test class: collectionSectionTestCases.Click_on_Modern_Geometric_collection_and_check_of_all_shapes_of_Modern_Geometric_collection</td>
<td></td>
<td>5</td>
<td>collectionSectionTestCases.Click_on_Modern_Geometric_collection_and_check_of_all_shapes_of_Modern_Geometric_collection@6631f5ca</td></tr>
<tr>
<td title='collectionSectionTestCases.Click_on_Monochrome_collection_and_check_of_all_shapes_of_Monochrome_collection.Click_on_Monochrome_link_and_check_of_all_shapes_of_Monochrome_collection()'><b>Click_on_Monochrome_link_and_check_of_all_shapes_of_Monochrome_collection</b><br>Test class: collectionSectionTestCases.Click_on_Monochrome_collection_and_check_of_all_shapes_of_Monochrome_collection</td>
<td></td>
<td>1</td>
<td>collectionSectionTestCases.Click_on_Monochrome_collection_and_check_of_all_shapes_of_Monochrome_collection@1613674b</td></tr>
<tr>
<td title='collectionSectionTestCases.Click_on_Origami_collection_and_check_of_all_shapes_of_Origami_collection.Click_on_Origami_link_and_check_of_all_shapes_of_Origami_collection()'><b>Click_on_Origami_link_and_check_of_all_shapes_of_Origami_collection</b><br>Test class: collectionSectionTestCases.Click_on_Origami_collection_and_check_of_all_shapes_of_Origami_collection</td>
<td></td>
<td>6</td>
<td>collectionSectionTestCases.Click_on_Origami_collection_and_check_of_all_shapes_of_Origami_collection@5ace1ed4</td></tr>
<tr>
<td title='collectionSectionTestCases.Click_on_Outdoor_collection_and_check_of_all_shapes_of_Outdoor_collection.Click_on_Outdoor_link_and_check_of_all_shapes_of_Outdoor_collection()'><b>Click_on_Outdoor_link_and_check_of_all_shapes_of_Outdoor_collection</b><br>Test class: collectionSectionTestCases.Click_on_Outdoor_collection_and_check_of_all_shapes_of_Outdoor_collection</td>
<td></td>
<td>5</td>
<td>collectionSectionTestCases.Click_on_Outdoor_collection_and_check_of_all_shapes_of_Outdoor_collection@1e6454ec</td></tr>
<tr>
<td title='collectionSectionTestCases.Click_on_Solids_Color_collection_and_check_of_all_shapes_of_Solids_Color_collection.Click_on_Solids_Color_link_and_check_of_all_shapes_of_Solids_Color_collection()'><b>Click_on_Solids_Color_link_and_check_of_all_shapes_of_Solids_Color_collection</b><br>Test class: collectionSectionTestCases.Click_on_Solids_Color_collection_and_check_of_all_shapes_of_Solids_Color_collection</td>
<td></td>
<td>6</td>
<td>collectionSectionTestCases.Click_on_Solids_Color_collection_and_check_of_all_shapes_of_Solids_Color_collection@120f102b</td></tr>
<tr>
<td title='collectionSectionTestCases.Click_on_SurfaceArt_play_collection_and_check_of_all_shapes_of_SurfaceArt_collection.Click_on_SurfaceArt_play_link_and_check_of_all_shapes_of_SurfaceArt_collection()'><b>Click_on_SurfaceArt_play_link_and_check_of_all_shapes_of_SurfaceArt_collection</b><br>Test class: collectionSectionTestCases.Click_on_SurfaceArt_play_collection_and_check_of_all_shapes_of_SurfaceArt_collection</td>
<td></td>
<td>6</td>
<td>collectionSectionTestCases.Click_on_SurfaceArt_play_collection_and_check_of_all_shapes_of_SurfaceArt_collection@41fecb8b</td></tr>
<tr>
<td title='collectionSectionTestCases.Click_on_Vintage_collection_and_check_of_all_shapes_of_Vintage_collection.Click_on_Vintage_link_and_check_of_all_shapes_of_Vintage_collection()'><b>Click_on_Vintage_link_and_check_of_all_shapes_of_Vintage_collection</b><br>Test class: collectionSectionTestCases.Click_on_Vintage_collection_and_check_of_all_shapes_of_Vintage_collection</td>
<td></td>
<td>1</td>
<td>collectionSectionTestCases.Click_on_Vintage_collection_and_check_of_all_shapes_of_Vintage_collection@1ba9117e</td></tr>
<tr>
<td title='collectionSectionTestCases.Mouse_over_on_collection_link.Test_mouse_over_on_collection_link_and_check_all_collection_is_showing_or_not()'><b>Test_mouse_over_on_collection_link_and_check_all_collection_is_showing_or_not</b><br>Test class: collectionSectionTestCases.Mouse_over_on_collection_link</td>
<td></td>
<td>5</td>
<td>collectionSectionTestCases.Mouse_over_on_collection_link@649bec2e</td></tr>
</table><p>
</body>
</html>