<?xml version="1.0" encoding="UTF-8"?>
<testng-results ignored="0" total="23" passed="20" failed="3" skipped="0">
  <reporter-output>
  </reporter-output>
  <suite started-at="2022-08-09T07:36:57 IST" name="Suite" finished-at="2022-08-09T07:51:12 IST" duration-ms="854875">
    <groups>
    </groups>
    <test started-at="2022-08-09T07:36:57 IST" name="Test" finished-at="2022-08-09T07:51:12 IST" duration-ms="854875">
      <class name="collectionSectionTestCases.Click_on_Geometric_collection_and_check_of_all_shapes_of_Geometric_collection">
        <test-method is-config="true" signature="launchBrowser()[pri:0, instance:collectionSectionTestCases.Click_on_Geometric_collection_and_check_of_all_shapes_of_Geometric_collection@66498326]" started-at="2022-08-09T07:40:16 IST" name="launchBrowser" finished-at="2022-08-09T07:40:35 IST" duration-ms="18783" status="PASS">
          <reporter-output>
          </reporter-output>
        </test-method> <!-- launchBrowser -->
        <test-method signature="Click_on_Geometric_link_and_check_of_all_shapes_of_Geometric_collection()[pri:0, instance:collectionSectionTestCases.Click_on_Geometric_collection_and_check_of_all_shapes_of_Geometric_collection@66498326]" started-at="2022-08-09T07:40:35 IST" name="Click_on_Geometric_link_and_check_of_all_shapes_of_Geometric_collection" finished-at="2022-08-09T07:40:41 IST" duration-ms="6028" status="PASS">
          <reporter-output>
          </reporter-output>
        </test-method> <!-- Click_on_Geometric_link_and_check_of_all_shapes_of_Geometric_collection -->
        <test-method is-config="true" signature="closeBrowser()[pri:0, instance:collectionSectionTestCases.Click_on_Geometric_collection_and_check_of_all_shapes_of_Geometric_collection@66498326]" started-at="2022-08-09T07:40:41 IST" name="closeBrowser" finished-at="2022-08-09T07:40:42 IST" duration-ms="1382" status="PASS">
          <reporter-output>
          </reporter-output>
        </test-method> <!-- closeBrowser -->
      </class> <!-- collectionSectionTestCases.Click_on_Geometric_collection_and_check_of_all_shapes_of_Geometric_collection -->
      <class name="collectionSectionTestCases.Click_on_Modern_Geometric_collection_and_check_of_all_shapes_of_Modern_Geometric_collection">
        <test-method is-config="true" signature="launchBrowser()[pri:0, instance:collectionSectionTestCases.Click_on_Modern_Geometric_collection_and_check_of_all_shapes_of_Modern_Geometric_collection@6631f5ca]" started-at="2022-08-09T07:44:59 IST" name="launchBrowser" finished-at="2022-08-09T07:45:18 IST" duration-ms="19239" status="PASS">
          <reporter-output>
          </reporter-output>
        </test-method> <!-- launchBrowser -->
        <test-method signature="Click_on_Modern_Geometric_link_and_check_of_all_shapes_of_Modern_Geometric_collection()[pri:0, instance:collectionSectionTestCases.Click_on_Modern_Geometric_collection_and_check_of_all_shapes_of_Modern_Geometric_collection@6631f5ca]" started-at="2022-08-09T07:45:18 IST" name="Click_on_Modern_Geometric_link_and_check_of_all_shapes_of_Modern_Geometric_collection" finished-at="2022-08-09T07:45:24 IST" duration-ms="5951" status="PASS">
          <reporter-output>
          </reporter-output>
        </test-method> <!-- Click_on_Modern_Geometric_link_and_check_of_all_shapes_of_Modern_Geometric_collection -->
        <test-method is-config="true" signature="closeBrowser()[pri:0, instance:collectionSectionTestCases.Click_on_Modern_Geometric_collection_and_check_of_all_shapes_of_Modern_Geometric_collection@6631f5ca]" started-at="2022-08-09T07:45:24 IST" name="closeBrowser" finished-at="2022-08-09T07:45:25 IST" duration-ms="1477" status="PASS">
          <reporter-output>
          </reporter-output>
        </test-method> <!-- closeBrowser -->
      </class> <!-- collectionSectionTestCases.Click_on_Modern_Geometric_collection_and_check_of_all_shapes_of_Modern_Geometric_collection -->
      <class name="collectionSectionTestCases.Click_on_Brush_Stroke_collection_and_check_of_all_shapes_of_Brush_Stroke_collection">
        <test-method is-config="true" signature="launchBrowser()[pri:0, instance:collectionSectionTestCases.Click_on_Brush_Stroke_collection_and_check_of_all_shapes_of_Brush_Stroke_collection@27ff5d15]" started-at="2022-08-09T07:46:11 IST" name="launchBrowser" finished-at="2022-08-09T07:46:27 IST" duration-ms="15850" status="PASS">
          <reporter-output>
          </reporter-output>
        </test-method> <!-- launchBrowser -->
        <test-method signature="Click_on_Brush_Stroke_link_and_check_of_all_shapes_of_Brush_Stroke_collection()[pri:0, instance:collectionSectionTestCases.Click_on_Brush_Stroke_collection_and_check_of_all_shapes_of_Brush_Stroke_collection@27ff5d15]" started-at="2022-08-09T07:46:27 IST" name="Click_on_Brush_Stroke_link_and_check_of_all_shapes_of_Brush_Stroke_collection" finished-at="2022-08-09T07:46:33 IST" duration-ms="5964" status="PASS">
          <reporter-output>
          </reporter-output>
        </test-method> <!-- Click_on_Brush_Stroke_link_and_check_of_all_shapes_of_Brush_Stroke_collection -->
        <test-method is-config="true" signature="closeBrowser()[pri:0, instance:collectionSectionTestCases.Click_on_Brush_Stroke_collection_and_check_of_all_shapes_of_Brush_Stroke_collection@27ff5d15]" started-at="2022-08-09T07:46:33 IST" name="closeBrowser" finished-at="2022-08-09T07:46:34 IST" duration-ms="1458" status="PASS">
          <reporter-output>
          </reporter-output>
        </test-method> <!-- closeBrowser -->
      </class> <!-- collectionSectionTestCases.Click_on_Brush_Stroke_collection_and_check_of_all_shapes_of_Brush_Stroke_collection -->
      <class name="collectionSectionTestCases.Click_on_Origami_collection_and_check_of_all_shapes_of_Origami_collection">
        <test-method is-config="true" signature="launchBrowser()[pri:0, instance:collectionSectionTestCases.Click_on_Origami_collection_and_check_of_all_shapes_of_Origami_collection@5ace1ed4]" started-at="2022-08-09T07:45:25 IST" name="launchBrowser" finished-at="2022-08-09T07:45:43 IST" duration-ms="17246" status="PASS">
          <reporter-output>
          </reporter-output>
        </test-method> <!-- launchBrowser -->
        <test-method signature="Click_on_Origami_link_and_check_of_all_shapes_of_Origami_collection()[pri:0, instance:collectionSectionTestCases.Click_on_Origami_collection_and_check_of_all_shapes_of_Origami_collection@5ace1ed4]" started-at="2022-08-09T07:45:43 IST" name="Click_on_Origami_link_and_check_of_all_shapes_of_Origami_collection" finished-at="2022-08-09T07:45:49 IST" duration-ms="6142" status="PASS">
          <reporter-output>
          </reporter-output>
        </test-method> <!-- Click_on_Origami_link_and_check_of_all_shapes_of_Origami_collection -->
        <test-method is-config="true" signature="closeBrowser()[pri:0, instance:collectionSectionTestCases.Click_on_Origami_collection_and_check_of_all_shapes_of_Origami_collection@5ace1ed4]" started-at="2022-08-09T07:45:49 IST" name="closeBrowser" finished-at="2022-08-09T07:45:50 IST" duration-ms="1577" status="PASS">
          <reporter-output>
          </reporter-output>
        </test-method> <!-- closeBrowser -->
      </class> <!-- collectionSectionTestCases.Click_on_Origami_collection_and_check_of_all_shapes_of_Origami_collection -->
      <class name="collectionSectionTestCases.Click_on_Monochrome_collection_and_check_of_all_shapes_of_Monochrome_collection">
        <test-method is-config="true" signature="launchBrowser()[pri:0, instance:collectionSectionTestCases.Click_on_Monochrome_collection_and_check_of_all_shapes_of_Monochrome_collection@1613674b]" started-at="2022-08-09T07:45:50 IST" name="launchBrowser" finished-at="2022-08-09T07:46:08 IST" duration-ms="18021" status="PASS">
          <reporter-output>
          </reporter-output>
        </test-method> <!-- launchBrowser -->
        <test-method signature="Click_on_Monochrome_link_and_check_of_all_shapes_of_Monochrome_collection()[pri:0, instance:collectionSectionTestCases.Click_on_Monochrome_collection_and_check_of_all_shapes_of_Monochrome_collection@1613674b]" started-at="2022-08-09T07:46:08 IST" name="Click_on_Monochrome_link_and_check_of_all_shapes_of_Monochrome_collection" finished-at="2022-08-09T07:46:09 IST" duration-ms="1017" status="PASS">
          <reporter-output>
          </reporter-output>
        </test-method> <!-- Click_on_Monochrome_link_and_check_of_all_shapes_of_Monochrome_collection -->
        <test-method is-config="true" signature="closeBrowser()[pri:0, instance:collectionSectionTestCases.Click_on_Monochrome_collection_and_check_of_all_shapes_of_Monochrome_collection@1613674b]" started-at="2022-08-09T07:46:09 IST" name="closeBrowser" finished-at="2022-08-09T07:46:11 IST" duration-ms="1555" status="PASS">
          <reporter-output>
          </reporter-output>
        </test-method> <!-- closeBrowser -->
      </class> <!-- collectionSectionTestCases.Click_on_Monochrome_collection_and_check_of_all_shapes_of_Monochrome_collection -->
      <class name="collectionSectionTestCases.Click_on_SurfaceArt_play_collection_and_check_of_all_shapes_of_SurfaceArt_collection">
        <test-method is-config="true" signature="launchBrowser()[pri:0, instance:collectionSectionTestCases.Click_on_SurfaceArt_play_collection_and_check_of_all_shapes_of_SurfaceArt_collection@41fecb8b]" started-at="2022-08-09T07:38:37 IST" name="launchBrowser" finished-at="2022-08-09T07:38:53 IST" duration-ms="16316" status="PASS">
          <reporter-output>
          </reporter-output>
        </test-method> <!-- launchBrowser -->
        <test-method signature="Click_on_SurfaceArt_play_link_and_check_of_all_shapes_of_SurfaceArt_collection()[pri:0, instance:collectionSectionTestCases.Click_on_SurfaceArt_play_collection_and_check_of_all_shapes_of_SurfaceArt_collection@41fecb8b]" started-at="2022-08-09T07:38:53 IST" name="Click_on_SurfaceArt_play_link_and_check_of_all_shapes_of_SurfaceArt_collection" finished-at="2022-08-09T07:38:59 IST" duration-ms="6179" status="PASS">
          <reporter-output>
          </reporter-output>
        </test-method> <!-- Click_on_SurfaceArt_play_link_and_check_of_all_shapes_of_SurfaceArt_collection -->
        <test-method is-config="true" signature="closeBrowser()[pri:0, instance:collectionSectionTestCases.Click_on_SurfaceArt_play_collection_and_check_of_all_shapes_of_SurfaceArt_collection@41fecb8b]" started-at="2022-08-09T07:38:59 IST" name="closeBrowser" finished-at="2022-08-09T07:39:01 IST" duration-ms="1781" status="PASS">
          <reporter-output>
          </reporter-output>
        </test-method> <!-- closeBrowser -->
      </class> <!-- collectionSectionTestCases.Click_on_SurfaceArt_play_collection_and_check_of_all_shapes_of_SurfaceArt_collection -->
      <class name="collectionSectionTestCases.Click_on_Modern_Art_collection_and_check_of_all_shapes_of_Modern_Art_collection">
        <test-method is-config="true" signature="launchBrowser()[pri:0, instance:collectionSectionTestCases.Click_on_Modern_Art_collection_and_check_of_all_shapes_of_Modern_Art_collection@b62d79]" started-at="2022-08-09T07:44:35 IST" name="launchBrowser" finished-at="2022-08-09T07:44:51 IST" duration-ms="15587" status="PASS">
          <reporter-output>
          </reporter-output>
        </test-method> <!-- launchBrowser -->
        <test-method signature="Click_on_Modern_Art_link_and_check_of_all_shapes_of_Modern_Art_collection()[pri:0, instance:collectionSectionTestCases.Click_on_Modern_Art_collection_and_check_of_all_shapes_of_Modern_Art_collection@b62d79]" started-at="2022-08-09T07:44:51 IST" name="Click_on_Modern_Art_link_and_check_of_all_shapes_of_Modern_Art_collection" finished-at="2022-08-09T07:44:57 IST" duration-ms="5953" status="PASS">
          <reporter-output>
          </reporter-output>
        </test-method> <!-- Click_on_Modern_Art_link_and_check_of_all_shapes_of_Modern_Art_collection -->
        <test-method is-config="true" signature="closeBrowser()[pri:0, instance:collectionSectionTestCases.Click_on_Modern_Art_collection_and_check_of_all_shapes_of_Modern_Art_collection@b62d79]" started-at="2022-08-09T07:44:57 IST" name="closeBrowser" finished-at="2022-08-09T07:44:59 IST" duration-ms="1643" status="PASS">
          <reporter-output>
          </reporter-output>
        </test-method> <!-- closeBrowser -->
      </class> <!-- collectionSectionTestCases.Click_on_Modern_Art_collection_and_check_of_all_shapes_of_Modern_Art_collection -->
      <class name="collectionSectionTestCases.Click_on_Absract_collection_and_check_of_all_shapes_of_Abstract_collection">
        <test-method is-config="true" signature="launchBrowser()[pri:0, instance:collectionSectionTestCases.Click_on_Absract_collection_and_check_of_all_shapes_of_Abstract_collection@34f5090e]" started-at="2022-08-09T07:47:43 IST" name="launchBrowser" finished-at="2022-08-09T07:48:01 IST" duration-ms="17829" status="PASS">
          <reporter-output>
          </reporter-output>
        </test-method> <!-- launchBrowser -->
        <test-method signature="Click_on_Absract_link_and_check_of_all_shapes_of_Abstract_collection()[pri:0, instance:collectionSectionTestCases.Click_on_Absract_collection_and_check_of_all_shapes_of_Abstract_collection@34f5090e]" started-at="2022-08-09T07:48:01 IST" name="Click_on_Absract_link_and_check_of_all_shapes_of_Abstract_collection" finished-at="2022-08-09T07:48:02 IST" duration-ms="1174" status="PASS">
          <reporter-output>
          </reporter-output>
        </test-method> <!-- Click_on_Absract_link_and_check_of_all_shapes_of_Abstract_collection -->
        <test-method is-config="true" signature="closeBrowser()[pri:0, instance:collectionSectionTestCases.Click_on_Absract_collection_and_check_of_all_shapes_of_Abstract_collection@34f5090e]" started-at="2022-08-09T07:48:02 IST" name="closeBrowser" finished-at="2022-08-09T07:48:04 IST" duration-ms="1581" status="PASS">
          <reporter-output>
          </reporter-output>
        </test-method> <!-- closeBrowser -->
      </class> <!-- collectionSectionTestCases.Click_on_Absract_collection_and_check_of_all_shapes_of_Abstract_collection -->
      <class name="collectionSectionTestCases.Click_on_Animal_Prints_collection_and_check_of_all_shapes_of_Animal_Prints_collection">
        <test-method is-config="true" signature="launchBrowser()[pri:0, instance:collectionSectionTestCases.Click_on_Animal_Prints_collection_and_check_of_all_shapes_of_Animal_Prints_collection@4e096385]" started-at="2022-08-09T07:46:34 IST" name="launchBrowser" finished-at="2022-08-09T07:46:55 IST" duration-ms="20930" status="PASS">
          <reporter-output>
          </reporter-output>
        </test-method> <!-- launchBrowser -->
        <test-method signature="Click_on_Animal_Prints_link_and_check_of_all_shapes_of_Animal_Prints_collection()[pri:0, instance:collectionSectionTestCases.Click_on_Animal_Prints_collection_and_check_of_all_shapes_of_Animal_Prints_collection@4e096385]" started-at="2022-08-09T07:46:55 IST" name="Click_on_Animal_Prints_link_and_check_of_all_shapes_of_Animal_Prints_collection" finished-at="2022-08-09T07:46:56 IST" duration-ms="988" status="PASS">
          <reporter-output>
          </reporter-output>
        </test-method> <!-- Click_on_Animal_Prints_link_and_check_of_all_shapes_of_Animal_Prints_collection -->
        <test-method is-config="true" signature="closeBrowser()[pri:0, instance:collectionSectionTestCases.Click_on_Animal_Prints_collection_and_check_of_all_shapes_of_Animal_Prints_collection@4e096385]" started-at="2022-08-09T07:46:56 IST" name="closeBrowser" finished-at="2022-08-09T07:46:58 IST" duration-ms="1460" status="PASS">
          <reporter-output>
          </reporter-output>
        </test-method> <!-- closeBrowser -->
      </class> <!-- collectionSectionTestCases.Click_on_Animal_Prints_collection_and_check_of_all_shapes_of_Animal_Prints_collection -->
      <class name="collectionSectionTestCases.Mouse_over_on_collection_link">
        <test-method is-config="true" signature="launchBrowser()[pri:0, instance:collectionSectionTestCases.Mouse_over_on_collection_link@649bec2e]" started-at="2022-08-09T07:46:58 IST" name="launchBrowser" finished-at="2022-08-09T07:47:15 IST" duration-ms="17705" status="PASS">
          <reporter-output>
          </reporter-output>
        </test-method> <!-- launchBrowser -->
        <test-method signature="Test_mouse_over_on_collection_link_and_check_all_collection_is_showing_or_not()[pri:0, instance:collectionSectionTestCases.Mouse_over_on_collection_link@649bec2e]" started-at="2022-08-09T07:47:15 IST" name="Test_mouse_over_on_collection_link_and_check_all_collection_is_showing_or_not" finished-at="2022-08-09T07:47:21 IST" duration-ms="5980" status="PASS">
          <reporter-output>
          </reporter-output>
        </test-method> <!-- Test_mouse_over_on_collection_link_and_check_all_collection_is_showing_or_not -->
        <test-method is-config="true" signature="closeBrowser()[pri:0, instance:collectionSectionTestCases.Mouse_over_on_collection_link@649bec2e]" started-at="2022-08-09T07:47:21 IST" name="closeBrowser" finished-at="2022-08-09T07:47:22 IST" duration-ms="1229" status="PASS">
          <reporter-output>
          </reporter-output>
        </test-method> <!-- closeBrowser -->
      </class> <!-- collectionSectionTestCases.Mouse_over_on_collection_link -->
      <class name="collectionSectionTestCases.Click_on_View_All_collection_and_check_of_all_shapes_of_View_All_Collection_collection">
        <test-method is-config="true" signature="launchBrowser()[pri:0, instance:collectionSectionTestCases.Click_on_View_All_collection_and_check_of_all_shapes_of_View_All_Collection_collection@a2431d0]" started-at="2022-08-09T07:48:43 IST" name="launchBrowser" finished-at="2022-08-09T07:48:59 IST" duration-ms="16237" status="PASS">
          <reporter-output>
          </reporter-output>
        </test-method> <!-- launchBrowser -->
        <test-method signature="Click_on_View_All_collection_link_and_check_of_all_shapes_of_View_All_Collection_collection()[pri:0, instance:collectionSectionTestCases.Click_on_View_All_collection_and_check_of_all_shapes_of_View_All_Collection_collection@a2431d0]" started-at="2022-08-09T07:48:59 IST" name="Click_on_View_All_collection_link_and_check_of_all_shapes_of_View_All_Collection_collection" finished-at="2022-08-09T07:51:11 IST" duration-ms="132058" status="FAIL">
          <exception class="org.openqa.selenium.ElementNotInteractableException">
            <message>
              <![CDATA[element not interactable
  (Session info: chrome=99.0.4844.51)
Build info: version: '4.2.2', revision: '683ccb65d6'
System info: host: 'DESKTOP-C8IENHF', ip: '10.60.18.2', os.name: 'Windows 10', os.arch: 'amd64', os.version: '10.0', java.version: '11.0.14'
Driver info: org.openqa.selenium.remote.RemoteWebDriver
Command: [8c2e294f760773fefc94a6465095a251539a214b, clickElement {id=074b2a48-9258-4f11-829e-c5395aae5d6e}]
Capabilities {acceptInsecureCerts: false, browserName: chrome, browserVersion: 99.0.4844.51, chrome: {chromedriverVersion: 99.0.4844.35 (f60a827ddb87f..., userDataDir: /var/folders/3y/zz_w6_s56sl...}, goog:chromeOptions: {debuggerAddress: localhost:56632}, networkConnectionEnabled: false, pageLoadStrategy: normal, platformName: MAC, proxy: Proxy(), setWindowRect: true, strictFileInteractability: false, timeouts: {implicit: 0, pageLoad: 300000, script: 30000}, unhandledPromptBehavior: dismiss and notify, webauthn:extension:credBlob: true, webauthn:extension:largeBlob: true, webauthn:virtualAuthenticators: true, webdriver.remote.sessionid: 8c2e294f760773fefc94a646509...}
Element: [[RemoteWebDriver: chrome on MAC (8c2e294f760773fefc94a6465095a251539a214b)] -> xpath: //div[@id='container']//div[@class='owl-nav']//button[2]]
Session ID: 8c2e294f760773fefc94a6465095a251539a214b]]>
            </message>
            <full-stacktrace>
              <![CDATA[org.openqa.selenium.ElementNotInteractableException: element not interactable
  (Session info: chrome=99.0.4844.51)
Build info: version: '4.2.2', revision: '683ccb65d6'
System info: host: 'DESKTOP-C8IENHF', ip: '10.60.18.2', os.name: 'Windows 10', os.arch: 'amd64', os.version: '10.0', java.version: '11.0.14'
Driver info: org.openqa.selenium.remote.RemoteWebDriver
Command: [8c2e294f760773fefc94a6465095a251539a214b, clickElement {id=074b2a48-9258-4f11-829e-c5395aae5d6e}]
Capabilities {acceptInsecureCerts: false, browserName: chrome, browserVersion: 99.0.4844.51, chrome: {chromedriverVersion: 99.0.4844.35 (f60a827ddb87f..., userDataDir: /var/folders/3y/zz_w6_s56sl...}, goog:chromeOptions: {debuggerAddress: localhost:56632}, networkConnectionEnabled: false, pageLoadStrategy: normal, platformName: MAC, proxy: Proxy(), setWindowRect: true, strictFileInteractability: false, timeouts: {implicit: 0, pageLoad: 300000, script: 30000}, unhandledPromptBehavior: dismiss and notify, webauthn:extension:credBlob: true, webauthn:extension:largeBlob: true, webauthn:virtualAuthenticators: true, webdriver.remote.sessionid: 8c2e294f760773fefc94a646509...}
Element: [[RemoteWebDriver: chrome on MAC (8c2e294f760773fefc94a6465095a251539a214b)] -> xpath: //div[@id='container']//div[@class='owl-nav']//button[2]]
Session ID: 8c2e294f760773fefc94a6465095a251539a214b
at java.base/jdk.internal.reflect.NativeConstructorAccessorImpl.newInstance0(Native Method)
at java.base/jdk.internal.reflect.NativeConstructorAccessorImpl.newInstance(NativeConstructorAccessorImpl.java:62)
at java.base/jdk.internal.reflect.DelegatingConstructorAccessorImpl.newInstance(DelegatingConstructorAccessorImpl.java:45)
at java.base/java.lang.reflect.Constructor.newInstance(Constructor.java:490)
at org.openqa.selenium.remote.codec.w3c.W3CHttpResponseCodec.createException(W3CHttpResponseCodec.java:200)
at org.openqa.selenium.remote.codec.w3c.W3CHttpResponseCodec.decode(W3CHttpResponseCodec.java:133)
at org.openqa.selenium.remote.codec.w3c.W3CHttpResponseCodec.decode(W3CHttpResponseCodec.java:53)
at org.openqa.selenium.remote.HttpCommandExecutor.execute(HttpCommandExecutor.java:184)
at org.openqa.selenium.remote.TracedCommandExecutor.execute(TracedCommandExecutor.java:51)
at org.openqa.selenium.remote.RemoteWebDriver.execute(RemoteWebDriver.java:588)
at org.openqa.selenium.remote.RemoteWebElement.execute(RemoteWebElement.java:257)
at org.openqa.selenium.remote.RemoteWebElement.click(RemoteWebElement.java:78)
at collectionSectionTestCases.Click_on_View_All_collection_and_check_of_all_shapes_of_View_All_Collection_collection.Click_on_View_All_collection_link_and_check_of_all_shapes_of_View_All_Collection_collection(Click_on_View_All_collection_and_check_of_all_shapes_of_View_All_Collection_collection.java:327)
at java.base/jdk.internal.reflect.NativeMethodAccessorImpl.invoke0(Native Method)
at java.base/jdk.internal.reflect.NativeMethodAccessorImpl.invoke(NativeMethodAccessorImpl.java:62)
at java.base/jdk.internal.reflect.DelegatingMethodAccessorImpl.invoke(DelegatingMethodAccessorImpl.java:43)
at java.base/java.lang.reflect.Method.invoke(Method.java:566)
at org.testng.internal.MethodInvocationHelper.invokeMethod(MethodInvocationHelper.java:134)
at org.testng.internal.TestInvoker.invokeMethod(TestInvoker.java:597)
at org.testng.internal.TestInvoker.invokeTestMethod(TestInvoker.java:173)
at org.testng.internal.MethodRunner.runInSequence(MethodRunner.java:46)
at org.testng.internal.TestInvoker$MethodInvocationAgent.invoke(TestInvoker.java:816)
at org.testng.internal.TestInvoker.invokeTestMethods(TestInvoker.java:146)
at org.testng.internal.TestMethodWorker.invokeTestMethods(TestMethodWorker.java:146)
at org.testng.internal.TestMethodWorker.run(TestMethodWorker.java:128)
at java.base/java.util.ArrayList.forEach(ArrayList.java:1541)
at org.testng.TestRunner.privateRun(TestRunner.java:766)
at org.testng.TestRunner.run(TestRunner.java:587)
at org.testng.SuiteRunner.runTest(SuiteRunner.java:384)
at org.testng.SuiteRunner.runSequentially(SuiteRunner.java:378)
at org.testng.SuiteRunner.privateRun(SuiteRunner.java:337)
at org.testng.SuiteRunner.run(SuiteRunner.java:286)
at org.testng.SuiteRunnerWorker.runSuite(SuiteRunnerWorker.java:53)
at org.testng.SuiteRunnerWorker.run(SuiteRunnerWorker.java:96)
at org.testng.TestNG.runSuitesSequentially(TestNG.java:1187)
at org.testng.TestNG.runSuitesLocally(TestNG.java:1109)
at org.testng.TestNG.runSuites(TestNG.java:1039)
at org.testng.TestNG.run(TestNG.java:1007)
at org.apache.maven.surefire.testng.TestNGExecutor.run(TestNGExecutor.java:284)
at org.apache.maven.surefire.testng.TestNGXmlTestSuite.execute(TestNGXmlTestSuite.java:75)
at org.apache.maven.surefire.testng.TestNGProvider.invoke(TestNGProvider.java:119)
at org.apache.maven.surefire.booter.ForkedBooter.runSuitesInProcess(ForkedBooter.java:428)
at org.apache.maven.surefire.booter.ForkedBooter.execute(ForkedBooter.java:162)
at org.apache.maven.surefire.booter.ForkedBooter.run(ForkedBooter.java:562)
at org.apache.maven.surefire.booter.ForkedBooter.main(ForkedBooter.java:548)
]]>
            </full-stacktrace>
          </exception> <!-- org.openqa.selenium.ElementNotInteractableException -->
          <reporter-output>
          </reporter-output>
        </test-method> <!-- Click_on_View_All_collection_link_and_check_of_all_shapes_of_View_All_Collection_collection -->
        <test-method is-config="true" signature="closeBrowser()[pri:0, instance:collectionSectionTestCases.Click_on_View_All_collection_and_check_of_all_shapes_of_View_All_Collection_collection@a2431d0]" started-at="2022-08-09T07:51:11 IST" name="closeBrowser" finished-at="2022-08-09T07:51:12 IST" duration-ms="1348" status="PASS">
          <reporter-output>
          </reporter-output>
        </test-method> <!-- closeBrowser -->
      </class> <!-- collectionSectionTestCases.Click_on_View_All_collection_and_check_of_all_shapes_of_View_All_Collection_collection -->
      <class name="collectionSectionTestCases.Click_Collection_Link">
        <test-method is-config="true" signature="launchBrowser()[pri:0, instance:collectionSectionTestCases.Click_Collection_Link@31e5415e]" started-at="2022-08-09T07:48:04 IST" name="launchBrowser" finished-at="2022-08-09T07:48:34 IST" duration-ms="30213" status="PASS">
          <reporter-output>
          </reporter-output>
        </test-method> <!-- launchBrowser -->
        <test-method signature="click_on_collection_link()[pri:0, instance:collectionSectionTestCases.Click_Collection_Link@31e5415e]" started-at="2022-08-09T07:48:34 IST" name="click_on_collection_link" finished-at="2022-08-09T07:48:41 IST" duration-ms="6935" status="FAIL">
          <exception class="org.openqa.selenium.NoSuchElementException">
            <message>
              <![CDATA[no such element: Unable to locate element: {"method":"xpath","selector":"//a[normalize-space()='SHOP THE COLLECTION']"}
  (Session info: chrome=99.0.4844.51)
For documentation on this error, please visit: https://selenium.dev/exceptions/#no_such_element
Build info: version: '4.2.2', revision: '683ccb65d6'
System info: host: 'DESKTOP-C8IENHF', ip: '10.60.18.2', os.name: 'Windows 10', os.arch: 'amd64', os.version: '10.0', java.version: '11.0.14'
Driver info: org.openqa.selenium.remote.RemoteWebDriver
Command: [ec78cd8f9a8fbb88f1d7121266cb1037dba81fef, findElement {using=xpath, value=//a[normalize-space()='SHOP THE COLLECTION']}]
Capabilities {acceptInsecureCerts: false, browserName: chrome, browserVersion: 99.0.4844.51, chrome: {chromedriverVersion: 99.0.4844.35 (f60a827ddb87f..., userDataDir: C:\Windows\proxy\scoped_dir...}, goog:chromeOptions: {debuggerAddress: localhost:1612}, networkConnectionEnabled: false, pageLoadStrategy: normal, platformName: WINDOWS, proxy: Proxy(), setWindowRect: true, strictFileInteractability: false, timeouts: {implicit: 0, pageLoad: 300000, script: 30000}, unhandledPromptBehavior: dismiss and notify, webauthn:extension:credBlob: true, webauthn:extension:largeBlob: true, webauthn:virtualAuthenticators: true, webdriver.remote.sessionid: ec78cd8f9a8fbb88f1d7121266c...}
Session ID: ec78cd8f9a8fbb88f1d7121266cb1037dba81fef]]>
            </message>
            <full-stacktrace>
              <![CDATA[org.openqa.selenium.NoSuchElementException: no such element: Unable to locate element: {"method":"xpath","selector":"//a[normalize-space()='SHOP THE COLLECTION']"}
  (Session info: chrome=99.0.4844.51)
For documentation on this error, please visit: https://selenium.dev/exceptions/#no_such_element
Build info: version: '4.2.2', revision: '683ccb65d6'
System info: host: 'DESKTOP-C8IENHF', ip: '10.60.18.2', os.name: 'Windows 10', os.arch: 'amd64', os.version: '10.0', java.version: '11.0.14'
Driver info: org.openqa.selenium.remote.RemoteWebDriver
Command: [ec78cd8f9a8fbb88f1d7121266cb1037dba81fef, findElement {using=xpath, value=//a[normalize-space()='SHOP THE COLLECTION']}]
Capabilities {acceptInsecureCerts: false, browserName: chrome, browserVersion: 99.0.4844.51, chrome: {chromedriverVersion: 99.0.4844.35 (f60a827ddb87f..., userDataDir: C:\Windows\proxy\scoped_dir...}, goog:chromeOptions: {debuggerAddress: localhost:1612}, networkConnectionEnabled: false, pageLoadStrategy: normal, platformName: WINDOWS, proxy: Proxy(), setWindowRect: true, strictFileInteractability: false, timeouts: {implicit: 0, pageLoad: 300000, script: 30000}, unhandledPromptBehavior: dismiss and notify, webauthn:extension:credBlob: true, webauthn:extension:largeBlob: true, webauthn:virtualAuthenticators: true, webdriver.remote.sessionid: ec78cd8f9a8fbb88f1d7121266c...}
Session ID: ec78cd8f9a8fbb88f1d7121266cb1037dba81fef
at java.base/jdk.internal.reflect.NativeConstructorAccessorImpl.newInstance0(Native Method)
at java.base/jdk.internal.reflect.NativeConstructorAccessorImpl.newInstance(NativeConstructorAccessorImpl.java:62)
at java.base/jdk.internal.reflect.DelegatingConstructorAccessorImpl.newInstance(DelegatingConstructorAccessorImpl.java:45)
at java.base/java.lang.reflect.Constructor.newInstance(Constructor.java:490)
at org.openqa.selenium.remote.codec.w3c.W3CHttpResponseCodec.createException(W3CHttpResponseCodec.java:200)
at org.openqa.selenium.remote.codec.w3c.W3CHttpResponseCodec.decode(W3CHttpResponseCodec.java:133)
at org.openqa.selenium.remote.codec.w3c.W3CHttpResponseCodec.decode(W3CHttpResponseCodec.java:53)
at org.openqa.selenium.remote.HttpCommandExecutor.execute(HttpCommandExecutor.java:184)
at org.openqa.selenium.remote.TracedCommandExecutor.execute(TracedCommandExecutor.java:51)
at org.openqa.selenium.remote.RemoteWebDriver.execute(RemoteWebDriver.java:588)
at org.openqa.selenium.remote.ElementLocation$ElementFinder$2.findElement(ElementLocation.java:162)
at org.openqa.selenium.remote.ElementLocation.findElement(ElementLocation.java:60)
at org.openqa.selenium.remote.RemoteWebDriver.findElement(RemoteWebDriver.java:406)
at org.openqa.selenium.remote.RemoteWebDriver.findElement(RemoteWebDriver.java:398)
at collectionSectionTestCases.Click_Collection_Link.click_on_collection_link(Click_Collection_Link.java:15)
at java.base/jdk.internal.reflect.NativeMethodAccessorImpl.invoke0(Native Method)
at java.base/jdk.internal.reflect.NativeMethodAccessorImpl.invoke(NativeMethodAccessorImpl.java:62)
at java.base/jdk.internal.reflect.DelegatingMethodAccessorImpl.invoke(DelegatingMethodAccessorImpl.java:43)
at java.base/java.lang.reflect.Method.invoke(Method.java:566)
at org.testng.internal.MethodInvocationHelper.invokeMethod(MethodInvocationHelper.java:134)
at org.testng.internal.TestInvoker.invokeMethod(TestInvoker.java:597)
at org.testng.internal.TestInvoker.invokeTestMethod(TestInvoker.java:173)
at org.testng.internal.MethodRunner.runInSequence(MethodRunner.java:46)
at org.testng.internal.TestInvoker$MethodInvocationAgent.invoke(TestInvoker.java:816)
at org.testng.internal.TestInvoker.invokeTestMethods(TestInvoker.java:146)
at org.testng.internal.TestMethodWorker.invokeTestMethods(TestMethodWorker.java:146)
at org.testng.internal.TestMethodWorker.run(TestMethodWorker.java:128)
at java.base/java.util.ArrayList.forEach(ArrayList.java:1541)
at org.testng.TestRunner.privateRun(TestRunner.java:766)
at org.testng.TestRunner.run(TestRunner.java:587)
at org.testng.SuiteRunner.runTest(SuiteRunner.java:384)
at org.testng.SuiteRunner.runSequentially(SuiteRunner.java:378)
at org.testng.SuiteRunner.privateRun(SuiteRunner.java:337)
at org.testng.SuiteRunner.run(SuiteRunner.java:286)
at org.testng.SuiteRunnerWorker.runSuite(SuiteRunnerWorker.java:53)
at org.testng.SuiteRunnerWorker.run(SuiteRunnerWorker.java:96)
at org.testng.TestNG.runSuitesSequentially(TestNG.java:1187)
at org.testng.TestNG.runSuitesLocally(TestNG.java:1109)
at org.testng.TestNG.runSuites(TestNG.java:1039)
at org.testng.TestNG.run(TestNG.java:1007)
at org.apache.maven.surefire.testng.TestNGExecutor.run(TestNGExecutor.java:284)
at org.apache.maven.surefire.testng.TestNGXmlTestSuite.execute(TestNGXmlTestSuite.java:75)
at org.apache.maven.surefire.testng.TestNGProvider.invoke(TestNGProvider.java:119)
at org.apache.maven.surefire.booter.ForkedBooter.runSuitesInProcess(ForkedBooter.java:428)
at org.apache.maven.surefire.booter.ForkedBooter.execute(ForkedBooter.java:162)
at org.apache.maven.surefire.booter.ForkedBooter.run(ForkedBooter.java:562)
at org.apache.maven.surefire.booter.ForkedBooter.main(ForkedBooter.java:548)
]]>
            </full-stacktrace>
          </exception> <!-- org.openqa.selenium.NoSuchElementException -->
          <reporter-output>
          </reporter-output>
        </test-method> <!-- click_on_collection_link -->
        <test-method is-config="true" signature="closeBrowser()[pri:0, instance:collectionSectionTestCases.Click_Collection_Link@31e5415e]" started-at="2022-08-09T07:48:41 IST" name="closeBrowser" finished-at="2022-08-09T07:48:43 IST" duration-ms="1557" status="PASS">
          <reporter-output>
          </reporter-output>
        </test-method> <!-- closeBrowser -->
      </class> <!-- collectionSectionTestCases.Click_Collection_Link -->
      <class name="collectionSectionTestCases.Click_on_Floral_collection_and_check_of_all_shapes_of_Floral_collection">
        <test-method is-config="true" signature="launchBrowser()[pri:0, instance:collectionSectionTestCases.Click_on_Floral_collection_and_check_of_all_shapes_of_Floral_collection@693fe6c9]" started-at="2022-08-09T07:47:22 IST" name="launchBrowser" finished-at="2022-08-09T07:47:41 IST" duration-ms="18532" status="PASS">
          <reporter-output>
          </reporter-output>
        </test-method> <!-- launchBrowser -->
        <test-method signature="Click_on_Floral_link_and_check_of_all_shapes_of_Floral_collection()[pri:0, instance:collectionSectionTestCases.Click_on_Floral_collection_and_check_of_all_shapes_of_Floral_collection@693fe6c9]" started-at="2022-08-09T07:47:41 IST" name="Click_on_Floral_link_and_check_of_all_shapes_of_Floral_collection" finished-at="2022-08-09T07:47:42 IST" duration-ms="869" status="PASS">
          <reporter-output>
          </reporter-output>
        </test-method> <!-- Click_on_Floral_link_and_check_of_all_shapes_of_Floral_collection -->
        <test-method is-config="true" signature="closeBrowser()[pri:0, instance:collectionSectionTestCases.Click_on_Floral_collection_and_check_of_all_shapes_of_Floral_collection@693fe6c9]" started-at="2022-08-09T07:47:42 IST" name="closeBrowser" finished-at="2022-08-09T07:47:43 IST" duration-ms="1402" status="PASS">
          <reporter-output>
          </reporter-output>
        </test-method> <!-- closeBrowser -->
      </class> <!-- collectionSectionTestCases.Click_on_Floral_collection_and_check_of_all_shapes_of_Floral_collection -->
      <class name="collectionSectionTestCases.Click_on_Batik_play_collection_and_check_of_all_shapes_of_Batik_collection">
        <test-method is-config="true" signature="launchBrowser()[pri:0, instance:collectionSectionTestCases.Click_on_Batik_play_collection_and_check_of_all_shapes_of_Batik_collection@272ed83b]" started-at="2022-08-09T07:38:19 IST" name="launchBrowser" finished-at="2022-08-09T07:38:35 IST" duration-ms="15364" status="PASS">
          <reporter-output>
          </reporter-output>
        </test-method> <!-- launchBrowser -->
        <test-method signature="Click_on_Batik_play_link_and_check_of_all_shapes_of_Batik_collection()[pri:0, instance:collectionSectionTestCases.Click_on_Batik_play_collection_and_check_of_all_shapes_of_Batik_collection@272ed83b]" started-at="2022-08-09T07:38:35 IST" name="Click_on_Batik_play_link_and_check_of_all_shapes_of_Batik_collection" finished-at="2022-08-09T07:38:36 IST" duration-ms="1093" status="PASS">
          <reporter-output>
          </reporter-output>
        </test-method> <!-- Click_on_Batik_play_link_and_check_of_all_shapes_of_Batik_collection -->
        <test-method is-config="true" signature="closeBrowser()[pri:0, instance:collectionSectionTestCases.Click_on_Batik_play_collection_and_check_of_all_shapes_of_Batik_collection@272ed83b]" started-at="2022-08-09T07:38:36 IST" name="closeBrowser" finished-at="2022-08-09T07:38:37 IST" duration-ms="1260" status="PASS">
          <reporter-output>
          </reporter-output>
        </test-method> <!-- closeBrowser -->
      </class> <!-- collectionSectionTestCases.Click_on_Batik_play_collection_and_check_of_all_shapes_of_Batik_collection -->
      <class name="collectionSectionTestCases.Click_on_Flatweaves_collection_and_check_of_all_shapes_of_Flatweaves_collection">
        <test-method is-config="true" signature="launchBrowser()[pri:0, instance:collectionSectionTestCases.Click_on_Flatweaves_collection_and_check_of_all_shapes_of_Flatweaves_collection@51dcb805]" started-at="2022-08-09T07:39:48 IST" name="launchBrowser" finished-at="2022-08-09T07:40:08 IST" duration-ms="19866" status="PASS">
          <reporter-output>
          </reporter-output>
        </test-method> <!-- launchBrowser -->
        <test-method signature="Click_on_Flatweaves_link_and_check_of_all_shapes_of_Flatweaves_collection()[pri:0, instance:collectionSectionTestCases.Click_on_Flatweaves_collection_and_check_of_all_shapes_of_Flatweaves_collection@51dcb805]" started-at="2022-08-09T07:40:08 IST" name="Click_on_Flatweaves_link_and_check_of_all_shapes_of_Flatweaves_collection" finished-at="2022-08-09T07:40:14 IST" duration-ms="6274" status="PASS">
          <reporter-output>
          </reporter-output>
        </test-method> <!-- Click_on_Flatweaves_link_and_check_of_all_shapes_of_Flatweaves_collection -->
        <test-method is-config="true" signature="closeBrowser()[pri:0, instance:collectionSectionTestCases.Click_on_Flatweaves_collection_and_check_of_all_shapes_of_Flatweaves_collection@51dcb805]" started-at="2022-08-09T07:40:14 IST" name="closeBrowser" finished-at="2022-08-09T07:40:16 IST" duration-ms="1611" status="PASS">
          <reporter-output>
          </reporter-output>
        </test-method> <!-- closeBrowser -->
      </class> <!-- collectionSectionTestCases.Click_on_Flatweaves_collection_and_check_of_all_shapes_of_Flatweaves_collection -->
      <class name="collectionSectionTestCases.Click_on_Kids_collection_and_check_of_all_shapes_of_Kids_collection">
        <test-method is-config="true" signature="launchBrowser()[pri:0, instance:collectionSectionTestCases.Click_on_Kids_collection_and_check_of_all_shapes_of_Kids_collection@732c2a62]" started-at="2022-08-09T07:37:49 IST" name="launchBrowser" finished-at="2022-08-09T07:38:11 IST" duration-ms="22402" status="PASS">
          <reporter-output>
          </reporter-output>
        </test-method> <!-- launchBrowser -->
        <test-method signature="Click_on_Kids_link_and_check_of_all_shapes_of_Kids_collection()[pri:0, instance:collectionSectionTestCases.Click_on_Kids_collection_and_check_of_all_shapes_of_Kids_collection@732c2a62]" started-at="2022-08-09T07:38:11 IST" name="Click_on_Kids_link_and_check_of_all_shapes_of_Kids_collection" finished-at="2022-08-09T07:38:18 IST" duration-ms="6320" status="PASS">
          <reporter-output>
          </reporter-output>
        </test-method> <!-- Click_on_Kids_link_and_check_of_all_shapes_of_Kids_collection -->
        <test-method is-config="true" signature="closeBrowser()[pri:0, instance:collectionSectionTestCases.Click_on_Kids_collection_and_check_of_all_shapes_of_Kids_collection@732c2a62]" started-at="2022-08-09T07:38:18 IST" name="closeBrowser" finished-at="2022-08-09T07:38:19 IST" duration-ms="1536" status="PASS">
          <reporter-output>
          </reporter-output>
        </test-method> <!-- closeBrowser -->
      </class> <!-- collectionSectionTestCases.Click_on_Kids_collection_and_check_of_all_shapes_of_Kids_collection -->
      <class name="collectionSectionTestCases.Click_on_Solids_Color_collection_and_check_of_all_shapes_of_Solids_Color_collection">
        <test-method is-config="true" signature="launchBrowser()[pri:0, instance:collectionSectionTestCases.Click_on_Solids_Color_collection_and_check_of_all_shapes_of_Solids_Color_collection@120f102b]" started-at="2022-08-09T07:39:01 IST" name="launchBrowser" finished-at="2022-08-09T07:39:18 IST" duration-ms="17267" status="PASS">
          <reporter-output>
          </reporter-output>
        </test-method> <!-- launchBrowser -->
        <test-method signature="Click_on_Solids_Color_link_and_check_of_all_shapes_of_Solids_Color_collection()[pri:0, instance:collectionSectionTestCases.Click_on_Solids_Color_collection_and_check_of_all_shapes_of_Solids_Color_collection@120f102b]" started-at="2022-08-09T07:39:18 IST" name="Click_on_Solids_Color_link_and_check_of_all_shapes_of_Solids_Color_collection" finished-at="2022-08-09T07:39:25 IST" duration-ms="6169" status="PASS">
          <reporter-output>
          </reporter-output>
        </test-method> <!-- Click_on_Solids_Color_link_and_check_of_all_shapes_of_Solids_Color_collection -->
        <test-method is-config="true" signature="closeBrowser()[pri:0, instance:collectionSectionTestCases.Click_on_Solids_Color_collection_and_check_of_all_shapes_of_Solids_Color_collection@120f102b]" started-at="2022-08-09T07:39:25 IST" name="closeBrowser" finished-at="2022-08-09T07:39:26 IST" duration-ms="1784" status="PASS">
          <reporter-output>
          </reporter-output>
        </test-method> <!-- closeBrowser -->
      </class> <!-- collectionSectionTestCases.Click_on_Solids_Color_collection_and_check_of_all_shapes_of_Solids_Color_collection -->
      <class name="collectionSectionTestCases.Click_on_Gradation_collection_and_check_of_all_shapes_of_Gradation_collection">
        <test-method is-config="true" signature="launchBrowser()[pri:0, instance:collectionSectionTestCases.Click_on_Gradation_collection_and_check_of_all_shapes_of_Gradation_collection@a3d8174]" started-at="2022-08-09T07:36:57 IST" name="launchBrowser" finished-at="2022-08-09T07:37:19 IST" duration-ms="21297" status="PASS">
          <reporter-output>
          </reporter-output>
        </test-method> <!-- launchBrowser -->
        <test-method signature="Click_on_Gradation_link_and_check_of_all_shapes_of_Gradation_collection()[pri:0, instance:collectionSectionTestCases.Click_on_Gradation_collection_and_check_of_all_shapes_of_Gradation_collection@a3d8174]" started-at="2022-08-09T07:37:19 IST" name="Click_on_Gradation_link_and_check_of_all_shapes_of_Gradation_collection" finished-at="2022-08-09T07:37:25 IST" duration-ms="6344" status="PASS">
          <reporter-output>
          </reporter-output>
        </test-method> <!-- Click_on_Gradation_link_and_check_of_all_shapes_of_Gradation_collection -->
        <test-method is-config="true" signature="closeBrowser()[pri:0, instance:collectionSectionTestCases.Click_on_Gradation_collection_and_check_of_all_shapes_of_Gradation_collection@a3d8174]" started-at="2022-08-09T07:37:25 IST" name="closeBrowser" finished-at="2022-08-09T07:37:27 IST" duration-ms="1602" status="PASS">
          <reporter-output>
          </reporter-output>
        </test-method> <!-- closeBrowser -->
      </class> <!-- collectionSectionTestCases.Click_on_Gradation_collection_and_check_of_all_shapes_of_Gradation_collection -->
      <class name="collectionSectionTestCases.Click_on_Cerulean_collection_and_check_of_all_shapes_of_Cerulean_collection">
        <test-method is-config="true" signature="launchBrowser()[pri:0, instance:collectionSectionTestCases.Click_on_Cerulean_collection_and_check_of_all_shapes_of_Cerulean_collection@625732]" started-at="2022-08-09T07:39:26 IST" name="launchBrowser" finished-at="2022-08-09T07:39:46 IST" duration-ms="19325" status="PASS">
          <reporter-output>
          </reporter-output>
        </test-method> <!-- launchBrowser -->
        <test-method signature="Click_on_Cerulean_link_and_check_of_all_shapes_of_Cerulean_collection()[pri:0, instance:collectionSectionTestCases.Click_on_Cerulean_collection_and_check_of_all_shapes_of_Cerulean_collection@625732]" started-at="2022-08-09T07:39:46 IST" name="Click_on_Cerulean_link_and_check_of_all_shapes_of_Cerulean_collection" finished-at="2022-08-09T07:39:47 IST" duration-ms="970" status="PASS">
          <reporter-output>
          </reporter-output>
        </test-method> <!-- Click_on_Cerulean_link_and_check_of_all_shapes_of_Cerulean_collection -->
        <test-method is-config="true" signature="closeBrowser()[pri:0, instance:collectionSectionTestCases.Click_on_Cerulean_collection_and_check_of_all_shapes_of_Cerulean_collection@625732]" started-at="2022-08-09T07:39:47 IST" name="closeBrowser" finished-at="2022-08-09T07:39:48 IST" duration-ms="1510" status="PASS">
          <reporter-output>
          </reporter-output>
        </test-method> <!-- closeBrowser -->
      </class> <!-- collectionSectionTestCases.Click_on_Cerulean_collection_and_check_of_all_shapes_of_Cerulean_collection -->
      <class name="collectionSectionTestCases.Click_on_Vintage_collection_and_check_of_all_shapes_of_Vintage_collection">
        <test-method is-config="true" signature="launchBrowser()[pri:0, instance:collectionSectionTestCases.Click_on_Vintage_collection_and_check_of_all_shapes_of_Vintage_collection@1ba9117e]" started-at="2022-08-09T07:37:27 IST" name="launchBrowser" finished-at="2022-08-09T07:37:45 IST" duration-ms="18790" status="PASS">
          <reporter-output>
          </reporter-output>
        </test-method> <!-- launchBrowser -->
        <test-method signature="Click_on_Vintage_link_and_check_of_all_shapes_of_Vintage_collection()[pri:0, instance:collectionSectionTestCases.Click_on_Vintage_collection_and_check_of_all_shapes_of_Vintage_collection@1ba9117e]" started-at="2022-08-09T07:37:45 IST" name="Click_on_Vintage_link_and_check_of_all_shapes_of_Vintage_collection" finished-at="2022-08-09T07:37:47 IST" duration-ms="1574" status="PASS">
          <reporter-output>
          </reporter-output>
        </test-method> <!-- Click_on_Vintage_link_and_check_of_all_shapes_of_Vintage_collection -->
        <test-method is-config="true" signature="closeBrowser()[pri:0, instance:collectionSectionTestCases.Click_on_Vintage_collection_and_check_of_all_shapes_of_Vintage_collection@1ba9117e]" started-at="2022-08-09T07:37:47 IST" name="closeBrowser" finished-at="2022-08-09T07:37:49 IST" duration-ms="1869" status="PASS">
          <reporter-output>
          </reporter-output>
        </test-method> <!-- closeBrowser -->
      </class> <!-- collectionSectionTestCases.Click_on_Vintage_collection_and_check_of_all_shapes_of_Vintage_collection -->
      <class name="collectionSectionTestCases.Click_on_Terrazo_play_collection_and_check_of_all_shapes_of_Terrazo_collection">
        <test-method is-config="true" signature="launchBrowser()[pri:0, instance:collectionSectionTestCases.Click_on_Terrazo_play_collection_and_check_of_all_shapes_of_Terrazo_collection@cad498c]" started-at="2022-08-09T07:40:42 IST" name="launchBrowser" finished-at="2022-08-09T07:41:10 IST" duration-ms="27642" status="PASS">
          <reporter-output>
          </reporter-output>
        </test-method> <!-- launchBrowser -->
        <test-method signature="Click_on_Terrazo_play_link_and_check_of_all_shapes_of_Terrazo_collection()[pri:0, instance:collectionSectionTestCases.Click_on_Terrazo_play_collection_and_check_of_all_shapes_of_Terrazo_collection@cad498c]" started-at="2022-08-09T07:41:10 IST" name="Click_on_Terrazo_play_link_and_check_of_all_shapes_of_Terrazo_collection" finished-at="2022-08-09T07:43:32 IST" duration-ms="142252" status="FAIL">
          <exception class="org.openqa.selenium.ElementNotInteractableException">
            <message>
              <![CDATA[element not interactable
  (Session info: chrome=99.0.4844.51)
Build info: version: '4.2.2', revision: '683ccb65d6'
System info: host: 'DESKTOP-C8IENHF', ip: '10.60.18.2', os.name: 'Windows 10', os.arch: 'amd64', os.version: '10.0', java.version: '11.0.14'
Driver info: org.openqa.selenium.remote.RemoteWebDriver
Command: [3abc3b2acab56fe75abf870b59aed99e2dcbb822, clickElement {id=d515a662-0f9e-4942-8cc4-6a40c8648985}]
Capabilities {acceptInsecureCerts: false, browserName: chrome, browserVersion: 99.0.4844.51, chrome: {chromedriverVersion: 99.0.4844.35 (f60a827ddb87f..., userDataDir: C:\Windows\proxy\scoped_dir...}, goog:chromeOptions: {debuggerAddress: localhost:1582}, networkConnectionEnabled: false, pageLoadStrategy: normal, platformName: WINDOWS, proxy: Proxy(), setWindowRect: true, strictFileInteractability: false, timeouts: {implicit: 0, pageLoad: 300000, script: 30000}, unhandledPromptBehavior: dismiss and notify, webauthn:extension:credBlob: true, webauthn:extension:largeBlob: true, webauthn:virtualAuthenticators: true, webdriver.remote.sessionid: 3abc3b2acab56fe75abf870b59a...}
Element: [[RemoteWebDriver: chrome on WINDOWS (3abc3b2acab56fe75abf870b59aed99e2dcbb822)] -> xpath: //div[@id='container']//div[@class='owl-nav']//button[2]]
Session ID: 3abc3b2acab56fe75abf870b59aed99e2dcbb822]]>
            </message>
            <full-stacktrace>
              <![CDATA[org.openqa.selenium.ElementNotInteractableException: element not interactable
  (Session info: chrome=99.0.4844.51)
Build info: version: '4.2.2', revision: '683ccb65d6'
System info: host: 'DESKTOP-C8IENHF', ip: '10.60.18.2', os.name: 'Windows 10', os.arch: 'amd64', os.version: '10.0', java.version: '11.0.14'
Driver info: org.openqa.selenium.remote.RemoteWebDriver
Command: [3abc3b2acab56fe75abf870b59aed99e2dcbb822, clickElement {id=d515a662-0f9e-4942-8cc4-6a40c8648985}]
Capabilities {acceptInsecureCerts: false, browserName: chrome, browserVersion: 99.0.4844.51, chrome: {chromedriverVersion: 99.0.4844.35 (f60a827ddb87f..., userDataDir: C:\Windows\proxy\scoped_dir...}, goog:chromeOptions: {debuggerAddress: localhost:1582}, networkConnectionEnabled: false, pageLoadStrategy: normal, platformName: WINDOWS, proxy: Proxy(), setWindowRect: true, strictFileInteractability: false, timeouts: {implicit: 0, pageLoad: 300000, script: 30000}, unhandledPromptBehavior: dismiss and notify, webauthn:extension:credBlob: true, webauthn:extension:largeBlob: true, webauthn:virtualAuthenticators: true, webdriver.remote.sessionid: 3abc3b2acab56fe75abf870b59a...}
Element: [[RemoteWebDriver: chrome on WINDOWS (3abc3b2acab56fe75abf870b59aed99e2dcbb822)] -> xpath: //div[@id='container']//div[@class='owl-nav']//button[2]]
Session ID: 3abc3b2acab56fe75abf870b59aed99e2dcbb822
at java.base/jdk.internal.reflect.NativeConstructorAccessorImpl.newInstance0(Native Method)
at java.base/jdk.internal.reflect.NativeConstructorAccessorImpl.newInstance(NativeConstructorAccessorImpl.java:62)
at java.base/jdk.internal.reflect.DelegatingConstructorAccessorImpl.newInstance(DelegatingConstructorAccessorImpl.java:45)
at java.base/java.lang.reflect.Constructor.newInstance(Constructor.java:490)
at org.openqa.selenium.remote.codec.w3c.W3CHttpResponseCodec.createException(W3CHttpResponseCodec.java:200)
at org.openqa.selenium.remote.codec.w3c.W3CHttpResponseCodec.decode(W3CHttpResponseCodec.java:133)
at org.openqa.selenium.remote.codec.w3c.W3CHttpResponseCodec.decode(W3CHttpResponseCodec.java:53)
at org.openqa.selenium.remote.HttpCommandExecutor.execute(HttpCommandExecutor.java:184)
at org.openqa.selenium.remote.TracedCommandExecutor.execute(TracedCommandExecutor.java:51)
at org.openqa.selenium.remote.RemoteWebDriver.execute(RemoteWebDriver.java:588)
at org.openqa.selenium.remote.RemoteWebElement.execute(RemoteWebElement.java:257)
at org.openqa.selenium.remote.RemoteWebElement.click(RemoteWebElement.java:78)
at collectionSectionTestCases.Click_on_Terrazo_play_collection_and_check_of_all_shapes_of_Terrazo_collection.Click_on_Terrazo_play_link_and_check_of_all_shapes_of_Terrazo_collection(Click_on_Terrazo_play_collection_and_check_of_all_shapes_of_Terrazo_collection.java:327)
at java.base/jdk.internal.reflect.NativeMethodAccessorImpl.invoke0(Native Method)
at java.base/jdk.internal.reflect.NativeMethodAccessorImpl.invoke(NativeMethodAccessorImpl.java:62)
at java.base/jdk.internal.reflect.DelegatingMethodAccessorImpl.invoke(DelegatingMethodAccessorImpl.java:43)
at java.base/java.lang.reflect.Method.invoke(Method.java:566)
at org.testng.internal.MethodInvocationHelper.invokeMethod(MethodInvocationHelper.java:134)
at org.testng.internal.TestInvoker.invokeMethod(TestInvoker.java:597)
at org.testng.internal.TestInvoker.invokeTestMethod(TestInvoker.java:173)
at org.testng.internal.MethodRunner.runInSequence(MethodRunner.java:46)
at org.testng.internal.TestInvoker$MethodInvocationAgent.invoke(TestInvoker.java:816)
at org.testng.internal.TestInvoker.invokeTestMethods(TestInvoker.java:146)
at org.testng.internal.TestMethodWorker.invokeTestMethods(TestMethodWorker.java:146)
at org.testng.internal.TestMethodWorker.run(TestMethodWorker.java:128)
at java.base/java.util.ArrayList.forEach(ArrayList.java:1541)
at org.testng.TestRunner.privateRun(TestRunner.java:766)
at org.testng.TestRunner.run(TestRunner.java:587)
at org.testng.SuiteRunner.runTest(SuiteRunner.java:384)
at org.testng.SuiteRunner.runSequentially(SuiteRunner.java:378)
at org.testng.SuiteRunner.privateRun(SuiteRunner.java:337)
at org.testng.SuiteRunner.run(SuiteRunner.java:286)
at org.testng.SuiteRunnerWorker.runSuite(SuiteRunnerWorker.java:53)
at org.testng.SuiteRunnerWorker.run(SuiteRunnerWorker.java:96)
at org.testng.TestNG.runSuitesSequentially(TestNG.java:1187)
at org.testng.TestNG.runSuitesLocally(TestNG.java:1109)
at org.testng.TestNG.runSuites(TestNG.java:1039)
at org.testng.TestNG.run(TestNG.java:1007)
at org.apache.maven.surefire.testng.TestNGExecutor.run(TestNGExecutor.java:284)
at org.apache.maven.surefire.testng.TestNGXmlTestSuite.execute(TestNGXmlTestSuite.java:75)
at org.apache.maven.surefire.testng.TestNGProvider.invoke(TestNGProvider.java:119)
at org.apache.maven.surefire.booter.ForkedBooter.runSuitesInProcess(ForkedBooter.java:428)
at org.apache.maven.surefire.booter.ForkedBooter.execute(ForkedBooter.java:162)
at org.apache.maven.surefire.booter.ForkedBooter.run(ForkedBooter.java:562)
at org.apache.maven.surefire.booter.ForkedBooter.main(ForkedBooter.java:548)
]]>
            </full-stacktrace>
          </exception> <!-- org.openqa.selenium.ElementNotInteractableException -->
          <reporter-output>
          </reporter-output>
        </test-method> <!-- Click_on_Terrazo_play_link_and_check_of_all_shapes_of_Terrazo_collection -->
        <test-method is-config="true" signature="closeBrowser()[pri:0, instance:collectionSectionTestCases.Click_on_Terrazo_play_collection_and_check_of_all_shapes_of_Terrazo_collection@cad498c]" started-at="2022-08-09T07:43:32 IST" name="closeBrowser" finished-at="2022-08-09T07:43:33 IST" duration-ms="1354" status="PASS">
          <reporter-output>
          </reporter-output>
        </test-method> <!-- closeBrowser -->
      </class> <!-- collectionSectionTestCases.Click_on_Terrazo_play_collection_and_check_of_all_shapes_of_Terrazo_collection -->
      <class name="collectionSectionTestCases.Click_on_Minimalist_collection_and_check_of_all_shapes_of_Minimalist_collection">
        <test-method is-config="true" signature="launchBrowser()[pri:0, instance:collectionSectionTestCases.Click_on_Minimalist_collection_and_check_of_all_shapes_of_Minimalist_collection@2accdbb5]" started-at="2022-08-09T07:44:02 IST" name="launchBrowser" finished-at="2022-08-09T07:44:33 IST" duration-ms="30450" status="PASS">
          <reporter-output>
          </reporter-output>
        </test-method> <!-- launchBrowser -->
        <test-method signature="Click_on_Minimalist_link_and_check_of_all_shapes_of_Minimalist_collection()[pri:0, instance:collectionSectionTestCases.Click_on_Minimalist_collection_and_check_of_all_shapes_of_Minimalist_collection@2accdbb5]" started-at="2022-08-09T07:44:33 IST" name="Click_on_Minimalist_link_and_check_of_all_shapes_of_Minimalist_collection" finished-at="2022-08-09T07:44:34 IST" duration-ms="1241" status="PASS">
          <reporter-output>
          </reporter-output>
        </test-method> <!-- Click_on_Minimalist_link_and_check_of_all_shapes_of_Minimalist_collection -->
        <test-method is-config="true" signature="closeBrowser()[pri:0, instance:collectionSectionTestCases.Click_on_Minimalist_collection_and_check_of_all_shapes_of_Minimalist_collection@2accdbb5]" started-at="2022-08-09T07:44:34 IST" name="closeBrowser" finished-at="2022-08-09T07:44:35 IST" duration-ms="1513" status="PASS">
          <reporter-output>
          </reporter-output>
        </test-method> <!-- closeBrowser -->
      </class> <!-- collectionSectionTestCases.Click_on_Minimalist_collection_and_check_of_all_shapes_of_Minimalist_collection -->
      <class name="collectionSectionTestCases.Click_on_Outdoor_collection_and_check_of_all_shapes_of_Outdoor_collection">
        <test-method is-config="true" signature="launchBrowser()[pri:0, instance:collectionSectionTestCases.Click_on_Outdoor_collection_and_check_of_all_shapes_of_Outdoor_collection@1e6454ec]" started-at="2022-08-09T07:43:33 IST" name="launchBrowser" finished-at="2022-08-09T07:43:54 IST" duration-ms="20374" status="PASS">
          <reporter-output>
          </reporter-output>
        </test-method> <!-- launchBrowser -->
        <test-method signature="Click_on_Outdoor_link_and_check_of_all_shapes_of_Outdoor_collection()[pri:0, instance:collectionSectionTestCases.Click_on_Outdoor_collection_and_check_of_all_shapes_of_Outdoor_collection@1e6454ec]" started-at="2022-08-09T07:43:54 IST" name="Click_on_Outdoor_link_and_check_of_all_shapes_of_Outdoor_collection" finished-at="2022-08-09T07:44:00 IST" duration-ms="5924" status="PASS">
          <reporter-output>
          </reporter-output>
        </test-method> <!-- Click_on_Outdoor_link_and_check_of_all_shapes_of_Outdoor_collection -->
        <test-method is-config="true" signature="closeBrowser()[pri:0, instance:collectionSectionTestCases.Click_on_Outdoor_collection_and_check_of_all_shapes_of_Outdoor_collection@1e6454ec]" started-at="2022-08-09T07:44:00 IST" name="closeBrowser" finished-at="2022-08-09T07:44:02 IST" duration-ms="2552" status="PASS">
          <reporter-output>
          </reporter-output>
        </test-method> <!-- closeBrowser -->
      </class> <!-- collectionSectionTestCases.Click_on_Outdoor_collection_and_check_of_all_shapes_of_Outdoor_collection -->
    </test> <!-- Test -->
  </suite> <!-- Suite -->
</testng-results>
